{"contracts/actions/aave/AaveBorrow.sol":{"l":{"21":0,"29":0,"30":0,"31":0,"32":0,"33":0,"35":0,"37":0,"42":0,"50":0,"55":0,"73":0,"74":0,"76":0,"84":0,"86":0,"87":0,"90":0,"92":0,"106":0,"107":0,"108":0,"109":0,"110":0},"path":"/Users/nenadpalinkasevic/Desktop/blockchain/defisaver-v3-contracts/contracts/actions/aave/AaveBorrow.sol","s":{"1":0,"2":0,"3":0,"4":0,"5":0,"6":0,"7":0,"8":0,"9":0,"10":0,"11":0,"12":0,"13":0,"14":0,"15":0,"16":0,"17":0,"18":0,"19":0,"20":0,"21":0,"22":0,"23":0,"24":0},"b":{"1":[0,0]},"f":{"1":0,"2":0,"3":0,"4":0,"5":0},"fnMap":{"1":{"name":"executeAction","line":15,"loc":{"start":{"line":15,"column":4},"end":{"line":38,"column":4}}},"2":{"name":"executeActionDirect","line":41,"loc":{"start":{"line":41,"column":4},"end":{"line":51,"column":4}}},"3":{"name":"actionType","line":54,"loc":{"start":{"line":54,"column":4},"end":{"line":56,"column":4}}},"4":{"name":"_borrow","line":66,"loc":{"start":{"line":66,"column":4},"end":{"line":93,"column":4}}},"5":{"name":"parseInputs","line":95,"loc":{"start":{"line":95,"column":4},"end":{"line":111,"column":4}}}},"statementMap":{"1":{"start":{"line":21,"column":8},"end":{"line":21,"column":653}},"2":{"start":{"line":29,"column":8},"end":{"line":29,"column":82}},"3":{"start":{"line":30,"column":8},"end":{"line":30,"column":88}},"4":{"start":{"line":31,"column":8},"end":{"line":31,"column":82}},"5":{"start":{"line":32,"column":8},"end":{"line":32,"column":86}},"6":{"start":{"line":33,"column":8},"end":{"line":33,"column":74}},"7":{"start":{"line":35,"column":8},"end":{"line":35,"column":79}},"8":{"start":{"line":37,"column":8},"end":{"line":37,"column":36}},"9":{"start":{"line":42,"column":8},"end":{"line":42,"column":1519}},"10":{"start":{"line":50,"column":8},"end":{"line":50,"column":55}},"11":{"start":{"line":55,"column":8},"end":{"line":55,"column":48}},"12":{"start":{"line":73,"column":8},"end":{"line":73,"column":87}},"13":{"start":{"line":74,"column":8},"end":{"line":74,"column":45}},"14":{"start":{"line":76,"column":8},"end":{"line":76,"column":2605}},"15":{"start":{"line":84,"column":8},"end":{"line":84,"column":2787}},"16":{"start":{"line":86,"column":12},"end":{"line":86,"column":32}},"17":{"start":{"line":87,"column":12},"end":{"line":87,"column":32}},"18":{"start":{"line":90,"column":8},"end":{"line":90,"column":47}},"19":{"start":{"line":92,"column":8},"end":{"line":92,"column":22}},"20":{"start":{"line":106,"column":8},"end":{"line":106,"column":51}},"21":{"start":{"line":107,"column":8},"end":{"line":107,"column":54}},"22":{"start":{"line":108,"column":8},"end":{"line":108,"column":51}},"23":{"start":{"line":109,"column":8},"end":{"line":109,"column":53}},"24":{"start":{"line":110,"column":8},"end":{"line":110,"column":47}}},"branchMap":{"1":{"line":84,"type":"if","locations":[{"start":{"line":84,"column":8},"end":{"line":84,"column":8}},{"start":{"line":84,"column":8},"end":{"line":84,"column":8}}]}}},"contracts/actions/aave/AavePayback.sol":{"l":{"22":0,"24":0,"25":0,"26":0,"27":0,"28":0,"30":0,"32":0,"37":0,"39":0,"44":0,"58":0,"61":0,"62":0,"66":0,"68":0,"70":0,"72":0,"74":0,"76":0,"79":0,"80":0,"81":0,"84":0,"86":0,"100":0,"101":0,"102":0,"103":0,"104":0},"path":"/Users/nenadpalinkasevic/Desktop/blockchain/defisaver-v3-contracts/contracts/actions/aave/AavePayback.sol","s":{"1":0,"2":0,"3":0,"4":0,"5":0,"6":0,"7":0,"8":0,"9":0,"10":0,"11":0,"12":0,"13":0,"14":0,"15":0,"16":0,"17":0,"18":0,"19":0,"20":0,"21":0,"22":0,"23":0,"24":0,"25":0,"26":0,"27":0,"28":0,"29":0,"30":0},"b":{"1":[0,0],"2":[0,0]},"f":{"1":0,"2":0,"3":0,"4":0,"5":0},"fnMap":{"1":{"name":"executeAction","line":16,"loc":{"start":{"line":16,"column":4},"end":{"line":33,"column":4}}},"2":{"name":"executeActionDirect","line":36,"loc":{"start":{"line":36,"column":4},"end":{"line":40,"column":4}}},"3":{"name":"actionType","line":43,"loc":{"start":{"line":43,"column":4},"end":{"line":45,"column":4}}},"4":{"name":"_payback","line":57,"loc":{"start":{"line":57,"column":4},"end":{"line":87,"column":4}}},"5":{"name":"parseInputs","line":89,"loc":{"start":{"line":89,"column":4},"end":{"line":105,"column":4}}}},"statementMap":{"1":{"start":{"line":22,"column":8},"end":{"line":22,"column":113}},"2":{"start":{"line":24,"column":8},"end":{"line":24,"column":82}},"3":{"start":{"line":25,"column":8},"end":{"line":25,"column":88}},"4":{"start":{"line":26,"column":8},"end":{"line":26,"column":82}},"5":{"start":{"line":27,"column":8},"end":{"line":27,"column":86}},"6":{"start":{"line":28,"column":8},"end":{"line":28,"column":78}},"7":{"start":{"line":30,"column":8},"end":{"line":30,"column":83}},"8":{"start":{"line":32,"column":8},"end":{"line":32,"column":37}},"9":{"start":{"line":37,"column":8},"end":{"line":37,"column":113}},"10":{"start":{"line":39,"column":8},"end":{"line":39,"column":58}},"11":{"start":{"line":44,"column":8},"end":{"line":44,"column":48}},"12":{"start":{"line":58,"column":8},"end":{"line":58,"column":87}},"13":{"start":{"line":61,"column":8},"end":{"line":61,"column":2585}},"14":{"start":{"line":62,"column":12},"end":{"line":62,"column":55}},"15":{"start":{"line":66,"column":8},"end":{"line":66,"column":45}},"16":{"start":{"line":68,"column":8},"end":{"line":68,"column":64}},"17":{"start":{"line":70,"column":8},"end":{"line":70,"column":54}},"18":{"start":{"line":72,"column":8},"end":{"line":72,"column":65}},"19":{"start":{"line":74,"column":8},"end":{"line":74,"column":96}},"20":{"start":{"line":76,"column":8},"end":{"line":76,"column":64}},"21":{"start":{"line":79,"column":8},"end":{"line":79,"column":3134}},"22":{"start":{"line":80,"column":12},"end":{"line":80,"column":36}},"23":{"start":{"line":81,"column":12},"end":{"line":81,"column":32}},"24":{"start":{"line":84,"column":8},"end":{"line":84,"column":53}},"25":{"start":{"line":86,"column":8},"end":{"line":86,"column":41}},"26":{"start":{"line":100,"column":8},"end":{"line":100,"column":51}},"27":{"start":{"line":101,"column":8},"end":{"line":101,"column":54}},"28":{"start":{"line":102,"column":8},"end":{"line":102,"column":51}},"29":{"start":{"line":103,"column":8},"end":{"line":103,"column":53}},"30":{"start":{"line":104,"column":8},"end":{"line":104,"column":49}}},"branchMap":{"1":{"line":61,"type":"if","locations":[{"start":{"line":61,"column":8},"end":{"line":61,"column":8}},{"start":{"line":61,"column":8},"end":{"line":61,"column":8}}]},"2":{"line":79,"type":"if","locations":[{"start":{"line":79,"column":8},"end":{"line":79,"column":8}},{"start":{"line":79,"column":8},"end":{"line":79,"column":8}}]}}},"contracts/actions/aave/AaveSupply.sol":{"l":{"21":0,"23":0,"24":0,"25":0,"26":0,"28":0,"30":0,"35":0,"37":0,"42":0,"59":0,"62":0,"65":0,"68":0,"71":0,"74":0,"75":0,"78":0,"91":0,"92":0,"93":0,"94":0},"path":"/Users/nenadpalinkasevic/Desktop/blockchain/defisaver-v3-contracts/contracts/actions/aave/AaveSupply.sol","s":{"1":0,"2":0,"3":0,"4":0,"5":0,"6":0,"7":0,"8":0,"9":0,"10":0,"11":0,"12":0,"13":0,"14":0,"15":0,"16":0,"17":0,"18":0,"19":0,"20":0,"21":0,"22":0},"b":{"1":[0,0]},"f":{"1":0,"2":0,"3":0,"4":0,"5":0},"fnMap":{"1":{"name":"executeAction","line":15,"loc":{"start":{"line":15,"column":4},"end":{"line":31,"column":4}}},"2":{"name":"executeActionDirect","line":34,"loc":{"start":{"line":34,"column":4},"end":{"line":38,"column":4}}},"3":{"name":"actionType","line":41,"loc":{"start":{"line":41,"column":4},"end":{"line":43,"column":4}}},"4":{"name":"_supply","line":53,"loc":{"start":{"line":53,"column":4},"end":{"line":79,"column":4}}},"5":{"name":"parseInputs","line":81,"loc":{"start":{"line":81,"column":4},"end":{"line":95,"column":4}}}},"statementMap":{"1":{"start":{"line":21,"column":8},"end":{"line":21,"column":98}},"2":{"start":{"line":23,"column":8},"end":{"line":23,"column":82}},"3":{"start":{"line":24,"column":8},"end":{"line":24,"column":88}},"4":{"start":{"line":25,"column":8},"end":{"line":25,"column":82}},"5":{"start":{"line":26,"column":8},"end":{"line":26,"column":78}},"6":{"start":{"line":28,"column":8},"end":{"line":28,"column":71}},"7":{"start":{"line":30,"column":8},"end":{"line":30,"column":36}},"8":{"start":{"line":35,"column":8},"end":{"line":35,"column":98}},"9":{"start":{"line":37,"column":8},"end":{"line":37,"column":47}},"10":{"start":{"line":42,"column":8},"end":{"line":42,"column":48}},"11":{"start":{"line":59,"column":8},"end":{"line":59,"column":87}},"12":{"start":{"line":62,"column":8},"end":{"line":62,"column":45}},"13":{"start":{"line":65,"column":8},"end":{"line":65,"column":64}},"14":{"start":{"line":68,"column":8},"end":{"line":68,"column":54}},"15":{"start":{"line":71,"column":8},"end":{"line":71,"column":98}},"16":{"start":{"line":74,"column":8},"end":{"line":74,"column":2765}},"17":{"start":{"line":75,"column":12},"end":{"line":75,"column":58}},"18":{"start":{"line":78,"column":8},"end":{"line":78,"column":22}},"19":{"start":{"line":91,"column":8},"end":{"line":91,"column":51}},"20":{"start":{"line":92,"column":8},"end":{"line":92,"column":54}},"21":{"start":{"line":93,"column":8},"end":{"line":93,"column":51}},"22":{"start":{"line":94,"column":8},"end":{"line":94,"column":49}}},"branchMap":{"1":{"line":74,"type":"if","locations":[{"start":{"line":74,"column":8},"end":{"line":74,"column":8}},{"start":{"line":74,"column":8},"end":{"line":74,"column":8}}]}}},"contracts/actions/aave/AaveWithdraw.sol":{"l":{"22":0,"24":0,"25":0,"26":0,"27":0,"29":0,"31":0,"36":0,"38":0,"43":0,"56":0,"57":0,"59":0,"61":0,"64":0,"65":0,"66":0,"68":0,"71":0,"74":0,"87":0,"88":0,"89":0,"90":0},"path":"/Users/nenadpalinkasevic/Desktop/blockchain/defisaver-v3-contracts/contracts/actions/aave/AaveWithdraw.sol","s":{"1":0,"2":0,"3":0,"4":0,"5":0,"6":0,"7":0,"8":0,"9":0,"10":0,"11":0,"12":0,"13":0,"14":0,"15":0,"16":0,"17":0,"18":0,"19":0,"20":0,"21":0,"22":0,"23":0,"24":0},"b":{"1":[0,0]},"f":{"1":0,"2":0,"3":0,"4":0,"5":0},"fnMap":{"1":{"name":"executeAction","line":16,"loc":{"start":{"line":16,"column":4},"end":{"line":32,"column":4}}},"2":{"name":"executeActionDirect","line":35,"loc":{"start":{"line":35,"column":4},"end":{"line":39,"column":4}}},"3":{"name":"actionType","line":42,"loc":{"start":{"line":42,"column":4},"end":{"line":44,"column":4}}},"4":{"name":"_withdraw","line":55,"loc":{"start":{"line":55,"column":4},"end":{"line":75,"column":4}}},"5":{"name":"parseInputs","line":77,"loc":{"start":{"line":77,"column":4},"end":{"line":91,"column":4}}}},"statementMap":{"1":{"start":{"line":22,"column":8},"end":{"line":22,"column":96}},"2":{"start":{"line":24,"column":8},"end":{"line":24,"column":82}},"3":{"start":{"line":25,"column":8},"end":{"line":25,"column":88}},"4":{"start":{"line":26,"column":8},"end":{"line":26,"column":82}},"5":{"start":{"line":27,"column":8},"end":{"line":27,"column":74}},"6":{"start":{"line":29,"column":8},"end":{"line":29,"column":73}},"7":{"start":{"line":31,"column":8},"end":{"line":31,"column":38}},"8":{"start":{"line":36,"column":8},"end":{"line":36,"column":98}},"9":{"start":{"line":38,"column":8},"end":{"line":38,"column":49}},"10":{"start":{"line":43,"column":8},"end":{"line":43,"column":48}},"11":{"start":{"line":56,"column":8},"end":{"line":56,"column":87}},"12":{"start":{"line":57,"column":8},"end":{"line":57,"column":45}},"13":{"start":{"line":59,"column":8},"end":{"line":59,"column":2335}},"14":{"start":{"line":61,"column":12},"end":{"line":61,"column":83}},"15":{"start":{"line":64,"column":12},"end":{"line":64,"column":67}},"16":{"start":{"line":65,"column":12},"end":{"line":65,"column":36}},"17":{"start":{"line":66,"column":12},"end":{"line":66,"column":32}},"18":{"start":{"line":68,"column":12},"end":{"line":68,"column":39}},"19":{"start":{"line":71,"column":12},"end":{"line":71,"column":73}},"20":{"start":{"line":74,"column":8},"end":{"line":74,"column":22}},"21":{"start":{"line":87,"column":8},"end":{"line":87,"column":51}},"22":{"start":{"line":88,"column":8},"end":{"line":88,"column":54}},"23":{"start":{"line":89,"column":8},"end":{"line":89,"column":51}},"24":{"start":{"line":90,"column":8},"end":{"line":90,"column":47}}},"branchMap":{"1":{"line":59,"type":"if","locations":[{"start":{"line":59,"column":8},"end":{"line":59,"column":8}},{"start":{"line":59,"column":8},"end":{"line":59,"column":8}}]}}},"contracts/actions/aave/helpers/AaveHelper.sol":{"l":{"17":0,"19":0,"23":0,"24":0,"28":0,"30":0,"34":0},"path":"/Users/nenadpalinkasevic/Desktop/blockchain/defisaver-v3-contracts/contracts/actions/aave/helpers/AaveHelper.sol","s":{"1":0,"2":0,"3":0,"4":0,"5":0,"6":0,"7":0},"b":{},"f":{"1":0,"2":0,"3":0,"4":0},"fnMap":{"1":{"name":"setCollStateForToken","line":16,"loc":{"start":{"line":16,"column":4},"end":{"line":20,"column":4}}},"2":{"name":"isTokenUsedAsColl","line":22,"loc":{"start":{"line":22,"column":4},"end":{"line":25,"column":4}}},"3":{"name":"setUserUseReserveAsCollateral","line":27,"loc":{"start":{"line":27,"column":4},"end":{"line":31,"column":4}}},"4":{"name":"getDataProvider","line":33,"loc":{"start":{"line":33,"column":4},"end":{"line":35,"column":4}}}},"statementMap":{"1":{"start":{"line":17,"column":8},"end":{"line":17,"column":87}},"2":{"start":{"line":19,"column":8},"end":{"line":19,"column":84}},"3":{"start":{"line":23,"column":8},"end":{"line":23,"column":75}},"4":{"start":{"line":24,"column":8},"end":{"line":24,"column":95}},"5":{"start":{"line":28,"column":8},"end":{"line":28,"column":87}},"6":{"start":{"line":30,"column":8},"end":{"line":30,"column":83}},"7":{"start":{"line":34,"column":8},"end":{"line":34,"column":163}}},"branchMap":{}},"contracts/actions/ActionBase.sol":{"l":{"69":0,"70":0,"71":0,"73":0,"77":0,"92":0,"93":0,"94":0,"96":0,"100":0,"114":0,"115":0,"116":0,"118":0,"122":0,"128":0,"134":0,"140":0,"142":0,"148":0,"150":0},"path":"/Users/nenadpalinkasevic/Desktop/blockchain/defisaver-v3-contracts/contracts/actions/ActionBase.sol","s":{"1":0,"2":0,"3":0,"4":0,"5":0,"6":0,"7":0,"8":0,"9":0,"10":0,"11":0,"12":0,"13":0,"14":0,"15":0,"16":0,"17":0,"18":0,"19":0,"20":0,"21":0},"b":{"1":[0,0],"2":[0,0],"3":[0,0],"4":[0,0],"5":[0,0],"6":[0,0],"7":[0,0],"8":[0,0]},"f":{"1":0,"2":0,"3":0,"4":0,"5":0,"6":0,"7":0},"fnMap":{"1":{"name":"_parseParamUint","line":63,"loc":{"start":{"line":63,"column":4},"end":{"line":78,"column":4}}},"2":{"name":"_parseParamAddr","line":86,"loc":{"start":{"line":86,"column":4},"end":{"line":101,"column":4}}},"3":{"name":"_parseParamABytes32","line":108,"loc":{"start":{"line":108,"column":4},"end":{"line":123,"column":4}}},"4":{"name":"isReplacable","line":127,"loc":{"start":{"line":127,"column":4},"end":{"line":129,"column":4}}},"5":{"name":"isReturnInjection","line":133,"loc":{"start":{"line":133,"column":4},"end":{"line":135,"column":4}}},"6":{"name":"getReturnIndex","line":139,"loc":{"start":{"line":139,"column":4},"end":{"line":143,"column":4}}},"7":{"name":"getSubIndex","line":147,"loc":{"start":{"line":147,"column":4},"end":{"line":151,"column":4}}}},"statementMap":{"1":{"start":{"line":69,"column":8},"end":{"line":69,"column":3083}},"2":{"start":{"line":70,"column":12},"end":{"line":70,"column":3129}},"3":{"start":{"line":71,"column":16},"end":{"line":71,"column":69}},"4":{"start":{"line":73,"column":16},"end":{"line":73,"column":75}},"5":{"start":{"line":77,"column":8},"end":{"line":77,"column":21}},"6":{"start":{"line":92,"column":8},"end":{"line":92,"column":3959}},"7":{"start":{"line":93,"column":12},"end":{"line":93,"column":4005}},"8":{"start":{"line":94,"column":16},"end":{"line":94,"column":83}},"9":{"start":{"line":96,"column":16},"end":{"line":96,"column":78}},"10":{"start":{"line":100,"column":8},"end":{"line":100,"column":21}},"11":{"start":{"line":114,"column":8},"end":{"line":114,"column":4858}},"12":{"start":{"line":115,"column":12},"end":{"line":115,"column":4904}},"13":{"start":{"line":116,"column":16},"end":{"line":116,"column":65}},"14":{"start":{"line":118,"column":16},"end":{"line":118,"column":78}},"15":{"start":{"line":122,"column":8},"end":{"line":122,"column":21}},"16":{"start":{"line":128,"column":8},"end":{"line":128,"column":40}},"17":{"start":{"line":134,"column":8},"end":{"line":134,"column":85}},"18":{"start":{"line":140,"column":8},"end":{"line":140,"column":61}},"19":{"start":{"line":142,"column":8},"end":{"line":142,"column":47}},"20":{"start":{"line":148,"column":8},"end":{"line":148,"column":68}},"21":{"start":{"line":150,"column":8},"end":{"line":150,"column":44}}},"branchMap":{"1":{"line":69,"type":"if","locations":[{"start":{"line":69,"column":8},"end":{"line":69,"column":8}},{"start":{"line":69,"column":8},"end":{"line":69,"column":8}}]},"2":{"line":70,"type":"if","locations":[{"start":{"line":70,"column":12},"end":{"line":70,"column":12}},{"start":{"line":70,"column":12},"end":{"line":70,"column":12}}]},"3":{"line":92,"type":"if","locations":[{"start":{"line":92,"column":8},"end":{"line":92,"column":8}},{"start":{"line":92,"column":8},"end":{"line":92,"column":8}}]},"4":{"line":93,"type":"if","locations":[{"start":{"line":93,"column":12},"end":{"line":93,"column":12}},{"start":{"line":93,"column":12},"end":{"line":93,"column":12}}]},"5":{"line":114,"type":"if","locations":[{"start":{"line":114,"column":8},"end":{"line":114,"column":8}},{"start":{"line":114,"column":8},"end":{"line":114,"column":8}}]},"6":{"line":115,"type":"if","locations":[{"start":{"line":115,"column":12},"end":{"line":115,"column":12}},{"start":{"line":115,"column":12},"end":{"line":115,"column":12}}]},"7":{"line":140,"type":"if","locations":[{"start":{"line":140,"column":8},"end":{"line":140,"column":8}},{"start":{"line":140,"column":8},"end":{"line":140,"column":8}}]},"8":{"line":148,"type":"if","locations":[{"start":{"line":148,"column":8},"end":{"line":148,"column":8}},{"start":{"line":148,"column":8},"end":{"line":148,"column":8}}]}}},"contracts/actions/compound/CompBorrow.sol":{"l":{"24":0,"26":0,"27":0,"28":0,"30":0,"32":0,"37":0,"39":0,"44":0,"52":0,"54":0,"55":0,"58":0,"60":0,"62":0,"74":0,"75":0,"76":0},"path":"/Users/nenadpalinkasevic/Desktop/blockchain/defisaver-v3-contracts/contracts/actions/compound/CompBorrow.sol","s":{"1":0,"2":0,"3":0,"4":0,"5":0,"6":0,"7":0,"8":0,"9":0,"10":0,"11":0,"12":0,"13":0,"14":0,"15":0,"16":0,"17":0,"18":0},"b":{"1":[0,0],"2":[0,0]},"f":{"1":0,"2":0,"3":0,"4":0,"5":0},"fnMap":{"1":{"name":"executeAction","line":18,"loc":{"start":{"line":18,"column":4},"end":{"line":33,"column":4}}},"2":{"name":"executeActionDirect","line":36,"loc":{"start":{"line":36,"column":4},"end":{"line":40,"column":4}}},"3":{"name":"actionType","line":43,"loc":{"start":{"line":43,"column":4},"end":{"line":45,"column":4}}},"4":{"name":"_borrow","line":51,"loc":{"start":{"line":51,"column":4},"end":{"line":63,"column":4}}},"5":{"name":"parseInputs","line":65,"loc":{"start":{"line":65,"column":4},"end":{"line":77,"column":4}}}},"statementMap":{"1":{"start":{"line":24,"column":8},"end":{"line":24,"column":81}},"2":{"start":{"line":26,"column":8},"end":{"line":26,"column":90}},"3":{"start":{"line":27,"column":8},"end":{"line":27,"column":82}},"4":{"start":{"line":28,"column":8},"end":{"line":28,"column":74}},"5":{"start":{"line":30,"column":8},"end":{"line":30,"column":64}},"6":{"start":{"line":32,"column":8},"end":{"line":32,"column":38}},"7":{"start":{"line":37,"column":8},"end":{"line":37,"column":80}},"8":{"start":{"line":39,"column":8},"end":{"line":39,"column":37}},"9":{"start":{"line":44,"column":8},"end":{"line":44,"column":48}},"10":{"start":{"line":52,"column":8},"end":{"line":52,"column":58}},"11":{"start":{"line":54,"column":8},"end":{"line":54,"column":1860}},"12":{"start":{"line":55,"column":12},"end":{"line":55,"column":35}},"13":{"start":{"line":58,"column":8},"end":{"line":58,"column":79}},"14":{"start":{"line":60,"column":8},"end":{"line":60,"column":46}},"15":{"start":{"line":62,"column":8},"end":{"line":62,"column":22}},"16":{"start":{"line":74,"column":8},"end":{"line":74,"column":55}},"17":{"start":{"line":75,"column":8},"end":{"line":75,"column":51}},"18":{"start":{"line":76,"column":8},"end":{"line":76,"column":47}}},"branchMap":{"1":{"line":54,"type":"if","locations":[{"start":{"line":54,"column":8},"end":{"line":54,"column":8}},{"start":{"line":54,"column":8},"end":{"line":54,"column":8}}]},"2":{"line":58,"type":"if","locations":[{"start":{"line":58,"column":8},"end":{"line":58,"column":8}},{"start":{"line":58,"column":8},"end":{"line":58,"column":8}}]}}},"contracts/actions/compound/CompPayback.sol":{"l":{"24":0,"26":0,"27":0,"29":0,"31":0,"36":0,"38":0,"43":0,"50":0,"52":0,"55":0,"56":0,"59":0,"60":0,"62":0,"64":0,"67":0,"79":0,"80":0,"81":0},"path":"/Users/nenadpalinkasevic/Desktop/blockchain/defisaver-v3-contracts/contracts/actions/compound/CompPayback.sol","s":{"1":0,"2":0,"3":0,"4":0,"5":0,"6":0,"7":0,"8":0,"9":0,"10":0,"11":0,"12":0,"13":0,"14":0,"15":0,"16":0,"17":0,"18":0,"19":0,"20":0},"b":{"1":[0,0],"2":[0,0],"3":[0,0]},"f":{"1":0,"2":0,"3":0,"4":0,"5":0},"fnMap":{"1":{"name":"executeAction","line":18,"loc":{"start":{"line":18,"column":4},"end":{"line":32,"column":4}}},"2":{"name":"executeActionDirect","line":35,"loc":{"start":{"line":35,"column":4},"end":{"line":39,"column":4}}},"3":{"name":"actionType","line":42,"loc":{"start":{"line":42,"column":4},"end":{"line":44,"column":4}}},"4":{"name":"_payback","line":49,"loc":{"start":{"line":49,"column":4},"end":{"line":68,"column":4}}},"5":{"name":"parseInputs","line":70,"loc":{"start":{"line":70,"column":4},"end":{"line":83,"column":4}}}},"statementMap":{"1":{"start":{"line":24,"column":8},"end":{"line":24,"column":83}},"2":{"start":{"line":26,"column":8},"end":{"line":26,"column":90}},"3":{"start":{"line":27,"column":8},"end":{"line":27,"column":82}},"4":{"start":{"line":29,"column":8},"end":{"line":29,"column":67}},"5":{"start":{"line":31,"column":8},"end":{"line":31,"column":38}},"6":{"start":{"line":36,"column":8},"end":{"line":36,"column":82}},"7":{"start":{"line":38,"column":8},"end":{"line":38,"column":40}},"8":{"start":{"line":43,"column":8},"end":{"line":43,"column":48}},"9":{"start":{"line":50,"column":8},"end":{"line":50,"column":58}},"10":{"start":{"line":52,"column":8},"end":{"line":52,"column":52}},"11":{"start":{"line":55,"column":8},"end":{"line":55,"column":1913}},"12":{"start":{"line":56,"column":12},"end":{"line":56,"column":77}},"13":{"start":{"line":59,"column":8},"end":{"line":59,"column":2039}},"14":{"start":{"line":60,"column":12},"end":{"line":60,"column":48}},"15":{"start":{"line":62,"column":12},"end":{"line":62,"column":85}},"16":{"start":{"line":64,"column":12},"end":{"line":64,"column":61}},"17":{"start":{"line":67,"column":8},"end":{"line":67,"column":22}},"18":{"start":{"line":79,"column":8},"end":{"line":79,"column":55}},"19":{"start":{"line":80,"column":8},"end":{"line":80,"column":51}},"20":{"start":{"line":81,"column":8},"end":{"line":81,"column":49}}},"branchMap":{"1":{"line":55,"type":"if","locations":[{"start":{"line":55,"column":8},"end":{"line":55,"column":8}},{"start":{"line":55,"column":8},"end":{"line":55,"column":8}}]},"2":{"line":59,"type":"if","locations":[{"start":{"line":59,"column":8},"end":{"line":59,"column":8}},{"start":{"line":59,"column":8},"end":{"line":59,"column":8}}]},"3":{"line":62,"type":"if","locations":[{"start":{"line":62,"column":12},"end":{"line":62,"column":12}},{"start":{"line":62,"column":12},"end":{"line":62,"column":12}}]}}},"contracts/actions/compound/CompSupply.sol":{"l":{"22":0,"24":0,"25":0,"26":0,"28":0,"30":0,"35":0,"37":0,"42":0,"50":0,"53":0,"54":0,"57":0,"58":0,"60":0,"61":0,"64":0,"65":0,"67":0,"70":0,"82":0,"83":0,"84":0},"path":"/Users/nenadpalinkasevic/Desktop/blockchain/defisaver-v3-contracts/contracts/actions/compound/CompSupply.sol","s":{"1":0,"2":0,"3":0,"4":0,"5":0,"6":0,"7":0,"8":0,"9":0,"10":0,"11":0,"12":0,"13":0,"14":0,"15":0,"16":0,"17":0,"18":0,"19":0,"20":0,"21":0,"22":0,"23":0},"b":{"1":[0,0],"2":[0,0],"3":[0,0],"4":[0,0]},"f":{"1":0,"2":0,"3":0,"4":0,"5":0},"fnMap":{"1":{"name":"executeAction","line":16,"loc":{"start":{"line":16,"column":4},"end":{"line":31,"column":4}}},"2":{"name":"executeActionDirect","line":34,"loc":{"start":{"line":34,"column":4},"end":{"line":38,"column":4}}},"3":{"name":"actionType","line":41,"loc":{"start":{"line":41,"column":4},"end":{"line":43,"column":4}}},"4":{"name":"_supply","line":49,"loc":{"start":{"line":49,"column":4},"end":{"line":71,"column":4}}},"5":{"name":"parseInputs","line":73,"loc":{"start":{"line":73,"column":4},"end":{"line":85,"column":4}}}},"statementMap":{"1":{"start":{"line":22,"column":8},"end":{"line":22,"column":83}},"2":{"start":{"line":24,"column":8},"end":{"line":24,"column":90}},"3":{"start":{"line":25,"column":8},"end":{"line":25,"column":82}},"4":{"start":{"line":26,"column":8},"end":{"line":26,"column":78}},"5":{"start":{"line":28,"column":8},"end":{"line":28,"column":66}},"6":{"start":{"line":30,"column":8},"end":{"line":30,"column":38}},"7":{"start":{"line":35,"column":8},"end":{"line":35,"column":82}},"8":{"start":{"line":37,"column":8},"end":{"line":37,"column":39}},"9":{"start":{"line":42,"column":8},"end":{"line":42,"column":48}},"10":{"start":{"line":50,"column":8},"end":{"line":50,"column":58}},"11":{"start":{"line":53,"column":8},"end":{"line":53,"column":1825}},"12":{"start":{"line":54,"column":12},"end":{"line":54,"column":57}},"13":{"start":{"line":57,"column":8},"end":{"line":57,"column":44}},"14":{"start":{"line":58,"column":8},"end":{"line":58,"column":53}},"15":{"start":{"line":60,"column":8},"end":{"line":60,"column":2035}},"16":{"start":{"line":61,"column":12},"end":{"line":61,"column":35}},"17":{"start":{"line":64,"column":8},"end":{"line":64,"column":2130}},"18":{"start":{"line":65,"column":12},"end":{"line":65,"column":81}},"19":{"start":{"line":67,"column":12},"end":{"line":67,"column":56}},"20":{"start":{"line":70,"column":8},"end":{"line":70,"column":22}},"21":{"start":{"line":82,"column":8},"end":{"line":82,"column":55}},"22":{"start":{"line":83,"column":8},"end":{"line":83,"column":51}},"23":{"start":{"line":84,"column":8},"end":{"line":84,"column":49}}},"branchMap":{"1":{"line":53,"type":"if","locations":[{"start":{"line":53,"column":8},"end":{"line":53,"column":8}},{"start":{"line":53,"column":8},"end":{"line":53,"column":8}}]},"2":{"line":60,"type":"if","locations":[{"start":{"line":60,"column":8},"end":{"line":60,"column":8}},{"start":{"line":60,"column":8},"end":{"line":60,"column":8}}]},"3":{"line":64,"type":"if","locations":[{"start":{"line":64,"column":8},"end":{"line":64,"column":8}},{"start":{"line":64,"column":8},"end":{"line":64,"column":8}}]},"4":{"line":65,"type":"if","locations":[{"start":{"line":65,"column":12},"end":{"line":65,"column":12}},{"start":{"line":65,"column":12},"end":{"line":65,"column":12}}]}}},"contracts/actions/compound/CompWithdraw.sol":{"l":{"23":0,"25":0,"26":0,"27":0,"29":0,"31":0,"36":0,"38":0,"43":0,"55":0,"57":0,"60":0,"61":0,"62":0,"64":0,"67":0,"70":0,"72":0,"74":0,"86":0,"87":0,"88":0},"path":"/Users/nenadpalinkasevic/Desktop/blockchain/defisaver-v3-contracts/contracts/actions/compound/CompWithdraw.sol","s":{"1":0,"2":0,"3":0,"4":0,"5":0,"6":0,"7":0,"8":0,"9":0,"10":0,"11":0,"12":0,"13":0,"14":0,"15":0,"16":0,"17":0,"18":0,"19":0,"20":0,"21":0,"22":0},"b":{"1":[0,0],"2":[0,0],"3":[0,0]},"f":{"1":0,"2":0,"3":0,"4":0,"5":0},"fnMap":{"1":{"name":"executeAction","line":17,"loc":{"start":{"line":17,"column":4},"end":{"line":32,"column":4}}},"2":{"name":"executeActionDirect","line":35,"loc":{"start":{"line":35,"column":4},"end":{"line":39,"column":4}}},"3":{"name":"actionType","line":42,"loc":{"start":{"line":42,"column":4},"end":{"line":44,"column":4}}},"4":{"name":"_withdraw","line":54,"loc":{"start":{"line":54,"column":4},"end":{"line":75,"column":4}}},"5":{"name":"parseInputs","line":77,"loc":{"start":{"line":77,"column":4},"end":{"line":89,"column":4}}}},"statementMap":{"1":{"start":{"line":23,"column":8},"end":{"line":23,"column":80}},"2":{"start":{"line":25,"column":8},"end":{"line":25,"column":88}},"3":{"start":{"line":26,"column":8},"end":{"line":26,"column":82}},"4":{"start":{"line":27,"column":8},"end":{"line":27,"column":74}},"5":{"start":{"line":29,"column":8},"end":{"line":29,"column":65}},"6":{"start":{"line":31,"column":8},"end":{"line":31,"column":38}},"7":{"start":{"line":36,"column":8},"end":{"line":36,"column":82}},"8":{"start":{"line":38,"column":8},"end":{"line":38,"column":41}},"9":{"start":{"line":43,"column":8},"end":{"line":43,"column":48}},"10":{"start":{"line":55,"column":8},"end":{"line":55,"column":58}},"11":{"start":{"line":57,"column":8},"end":{"line":57,"column":70}},"12":{"start":{"line":60,"column":8},"end":{"line":60,"column":2237}},"13":{"start":{"line":61,"column":12},"end":{"line":61,"column":59}},"14":{"start":{"line":62,"column":12},"end":{"line":62,"column":83}},"15":{"start":{"line":64,"column":12},"end":{"line":64,"column":93}},"16":{"start":{"line":67,"column":8},"end":{"line":67,"column":69}},"17":{"start":{"line":70,"column":8},"end":{"line":70,"column":55}},"18":{"start":{"line":72,"column":8},"end":{"line":72,"column":46}},"19":{"start":{"line":74,"column":8},"end":{"line":74,"column":22}},"20":{"start":{"line":86,"column":8},"end":{"line":86,"column":54}},"21":{"start":{"line":87,"column":8},"end":{"line":87,"column":51}},"22":{"start":{"line":88,"column":8},"end":{"line":88,"column":47}}},"branchMap":{"1":{"line":60,"type":"if","locations":[{"start":{"line":60,"column":8},"end":{"line":60,"column":8}},{"start":{"line":60,"column":8},"end":{"line":60,"column":8}}]},"2":{"line":62,"type":"if","locations":[{"start":{"line":62,"column":12},"end":{"line":62,"column":12}},{"start":{"line":62,"column":12},"end":{"line":62,"column":12}}]},"3":{"line":64,"type":"if","locations":[{"start":{"line":64,"column":12},"end":{"line":64,"column":12}},{"start":{"line":64,"column":12},"end":{"line":64,"column":12}}]}}},"contracts/actions/compound/helpers/CompHelper.sol":{"l":{"14":0,"16":0,"20":0,"23":0,"24":0,"25":0,"29":0,"35":0,"36":0,"38":0},"path":"/Users/nenadpalinkasevic/Desktop/blockchain/defisaver-v3-contracts/contracts/actions/compound/helpers/CompHelper.sol","s":{"1":0,"2":0,"3":0,"4":0,"5":0,"6":0,"7":0,"8":0,"9":0,"10":0,"11":0},"b":{"1":[0,0],"2":[0,0]},"f":{"1":0,"2":0,"3":0},"fnMap":{"1":{"name":"getUnderlyingAddr","line":13,"loc":{"start":{"line":13,"column":4},"end":{"line":17,"column":4}}},"2":{"name":"isAlreadyInMarket","line":19,"loc":{"start":{"line":19,"column":4},"end":{"line":30,"column":4}}},"3":{"name":"enterMarket","line":34,"loc":{"start":{"line":34,"column":4},"end":{"line":39,"column":4}}}},"statementMap":{"1":{"start":{"line":14,"column":8},"end":{"line":14,"column":88}},"2":{"start":{"line":14,"column":39},"end":{"line":14,"column":88}},"3":{"start":{"line":16,"column":8},"end":{"line":16,"column":52}},"4":{"start":{"line":20,"column":8},"end":{"line":20,"column":767}},"5":{"start":{"line":23,"column":8},"end":{"line":23,"column":820}},"6":{"start":{"line":24,"column":12},"end":{"line":24,"column":886}},"7":{"start":{"line":25,"column":16},"end":{"line":25,"column":27}},"8":{"start":{"line":29,"column":8},"end":{"line":29,"column":20}},"9":{"start":{"line":35,"column":8},"end":{"line":35,"column":51}},"10":{"start":{"line":36,"column":8},"end":{"line":36,"column":31}},"11":{"start":{"line":38,"column":8},"end":{"line":38,"column":59}}},"branchMap":{"1":{"line":14,"type":"if","locations":[{"start":{"line":14,"column":8},"end":{"line":14,"column":8}},{"start":{"line":14,"column":8},"end":{"line":14,"column":8}}]},"2":{"line":24,"type":"if","locations":[{"start":{"line":24,"column":12},"end":{"line":24,"column":12}},{"start":{"line":24,"column":12},"end":{"line":24,"column":12}}]}}},"contracts/actions/exchange/DFSSell.sol":{"l":{"25":0,"27":0,"33":0,"40":0,"46":0,"47":0,"49":0,"51":0,"56":0,"58":0,"63":0,"76":0,"78":0,"79":0,"81":0,"83":0,"85":0,"98":0,"110":0,"112":0,"113":0,"118":0,"120":0},"path":"/Users/nenadpalinkasevic/Desktop/blockchain/defisaver-v3-contracts/contracts/actions/exchange/DFSSell.sol","s":{"1":0,"2":0,"3":0,"4":0,"5":0,"6":0,"7":0,"8":0,"9":0,"10":0,"11":0,"12":0,"13":0,"14":0,"15":0,"16":0,"17":0,"18":0,"19":0,"20":0,"21":0,"22":0,"23":0},"b":{},"f":{"1":0,"2":0,"3":0,"4":0,"5":0,"6":0},"fnMap":{"1":{"name":"executeAction","line":19,"loc":{"start":{"line":19,"column":4},"end":{"line":52,"column":4}}},"2":{"name":"executeActionDirect","line":55,"loc":{"start":{"line":55,"column":4},"end":{"line":59,"column":4}}},"3":{"name":"actionType","line":62,"loc":{"start":{"line":62,"column":4},"end":{"line":64,"column":4}}},"4":{"name":"_dfsSell","line":69,"loc":{"start":{"line":69,"column":4},"end":{"line":99,"column":4}}},"5":{"name":"parseInputs","line":101,"loc":{"start":{"line":101,"column":4},"end":{"line":114,"column":4}}},"6":{"name":"getUserAddress","line":117,"loc":{"start":{"line":117,"column":4},"end":{"line":121,"column":4}}}},"statementMap":{"1":{"start":{"line":25,"column":8},"end":{"line":25,"column":93}},"2":{"start":{"line":27,"column":8},"end":{"line":27,"column":872}},"3":{"start":{"line":33,"column":8},"end":{"line":33,"column":1043}},"4":{"start":{"line":40,"column":8},"end":{"line":40,"column":1217}},"5":{"start":{"line":46,"column":8},"end":{"line":46,"column":78}},"6":{"start":{"line":47,"column":8},"end":{"line":47,"column":74}},"7":{"start":{"line":49,"column":8},"end":{"line":49,"column":79}},"8":{"start":{"line":51,"column":8},"end":{"line":51,"column":39}},"9":{"start":{"line":56,"column":8},"end":{"line":56,"column":93}},"10":{"start":{"line":58,"column":8},"end":{"line":58,"column":51}},"11":{"start":{"line":63,"column":8},"end":{"line":63,"column":48}},"12":{"start":{"line":76,"column":8},"end":{"line":76,"column":70}},"13":{"start":{"line":78,"column":8},"end":{"line":78,"column":43}},"14":{"start":{"line":79,"column":8},"end":{"line":79,"column":40}},"15":{"start":{"line":81,"column":8},"end":{"line":81,"column":57}},"16":{"start":{"line":83,"column":8},"end":{"line":83,"column":66}},"17":{"start":{"line":85,"column":8},"end":{"line":85,"column":2649}},"18":{"start":{"line":98,"column":8},"end":{"line":98,"column":30}},"19":{"start":{"line":110,"column":8},"end":{"line":110,"column":54}},"20":{"start":{"line":112,"column":8},"end":{"line":112,"column":49}},"21":{"start":{"line":113,"column":8},"end":{"line":113,"column":47}},"22":{"start":{"line":118,"column":8},"end":{"line":118,"column":57}},"23":{"start":{"line":120,"column":8},"end":{"line":120,"column":28}}},"branchMap":{}},"contracts/actions/flashloan/dydx/DydxFlashLoanBase.sol":{"l":{"18":0,"20":0,"22":0,"23":0,"24":0,"32":0,"36":0,"44":0,"67":0,"90":0},"path":"/Users/nenadpalinkasevic/Desktop/blockchain/defisaver-v3-contracts/contracts/actions/flashloan/dydx/DydxFlashLoanBase.sol","s":{"1":0,"2":0,"3":0,"4":0,"5":0,"6":0,"7":0,"8":0,"9":0,"10":0},"b":{"1":[0,0]},"f":{"1":0,"2":0,"3":0,"4":0,"5":0,"6":0},"fnMap":{"1":{"name":"_getMarketIdFromTokenAddress","line":13,"loc":{"start":{"line":13,"column":4},"end":{"line":27,"column":4}}},"2":{"name":"_getRepaymentAmountInternal","line":29,"loc":{"start":{"line":29,"column":4},"end":{"line":33,"column":4}}},"3":{"name":"_getAccountInfo","line":35,"loc":{"start":{"line":35,"column":4},"end":{"line":37,"column":4}}},"4":{"name":"_getWithdrawAction","line":39,"loc":{"start":{"line":39,"column":4},"end":{"line":60,"column":4}}},"5":{"name":"_getCallAction","line":62,"loc":{"start":{"line":62,"column":4},"end":{"line":83,"column":4}}},"6":{"name":"_getDepositAction","line":85,"loc":{"start":{"line":85,"column":4},"end":{"line":106,"column":4}}}},"statementMap":{"1":{"start":{"line":18,"column":8},"end":{"line":18,"column":45}},"2":{"start":{"line":20,"column":8},"end":{"line":20,"column":50}},"3":{"start":{"line":22,"column":8},"end":{"line":22,"column":563}},"4":{"start":{"line":23,"column":12},"end":{"line":23,"column":623}},"5":{"start":{"line":24,"column":16},"end":{"line":24,"column":24}},"6":{"start":{"line":32,"column":8},"end":{"line":32,"column":28}},"7":{"start":{"line":36,"column":8},"end":{"line":36,"column":62}},"8":{"start":{"line":44,"column":8},"end":{"line":44,"column":1270}},"9":{"start":{"line":67,"column":8},"end":{"line":67,"column":2009}},"10":{"start":{"line":90,"column":8},"end":{"line":90,"column":2754}}},"branchMap":{"1":{"line":23,"type":"if","locations":[{"start":{"line":23,"column":12},"end":{"line":23,"column":12}},{"start":{"line":23,"column":12},"end":{"line":23,"column":12}}]}}},"contracts/actions/flashloan/dydx/FLDyDx.sol":{"l":{"34":0,"35":0,"37":0,"38":0,"40":0,"42":0,"50":0,"61":0,"66":0,"68":0,"69":0,"72":0,"74":0,"77":0,"83":0,"91":0,"92":0,"95":0,"97":0,"100":0,"102":0,"104":0,"105":0,"107":0,"109":0,"110":0,"111":0,"113":0,"114":0,"116":0,"118":0,"120":0,"128":0,"129":0,"130":0,"132":0},"path":"/Users/nenadpalinkasevic/Desktop/blockchain/defisaver-v3-contracts/contracts/actions/flashloan/dydx/FLDyDx.sol","s":{"1":0,"2":0,"3":0,"4":0,"5":0,"6":0,"7":0,"8":0,"9":0,"10":0,"11":0,"12":0,"13":0,"14":0,"15":0,"16":0,"17":0,"18":0,"19":0,"20":0,"21":0,"22":0,"23":0,"24":0,"25":0,"26":0,"27":0,"28":0,"29":0,"30":0,"31":0,"32":0,"33":0,"34":0,"35":0,"36":0},"b":{"1":[0,0],"2":[0,0],"3":[0,0]},"f":{"1":0,"2":0,"3":0,"4":0,"5":0,"6":0},"fnMap":{"1":{"name":"executeAction","line":28,"loc":{"start":{"line":28,"column":4},"end":{"line":43,"column":4}}},"2":{"name":"executeActionDirect","line":46,"loc":{"start":{"line":46,"column":4},"end":{"line":46,"column":84}}},"3":{"name":"actionType","line":49,"loc":{"start":{"line":49,"column":4},"end":{"line":51,"column":4}}},"4":{"name":"callFunction","line":56,"loc":{"start":{"line":56,"column":4},"end":{"line":84,"column":4}}},"5":{"name":"_flDyDx","line":86,"loc":{"start":{"line":86,"column":4},"end":{"line":121,"column":4}}},"6":{"name":"dydxPaybackLoan","line":123,"loc":{"start":{"line":123,"column":4},"end":{"line":134,"column":4}}}},"statementMap":{"1":{"start":{"line":34,"column":8},"end":{"line":34,"column":60}},"2":{"start":{"line":35,"column":8},"end":{"line":35,"column":59}},"3":{"start":{"line":37,"column":8},"end":{"line":37,"column":82}},"4":{"start":{"line":38,"column":8},"end":{"line":38,"column":80}},"5":{"start":{"line":40,"column":8},"end":{"line":40,"column":87}},"6":{"start":{"line":42,"column":8},"end":{"line":42,"column":32}},"7":{"start":{"line":50,"column":8},"end":{"line":50,"column":42}},"8":{"start":{"line":61,"column":8},"end":{"line":61,"column":2218}},"9":{"start":{"line":66,"column":8},"end":{"line":66,"column":85}},"10":{"start":{"line":68,"column":8},"end":{"line":68,"column":2455}},"11":{"start":{"line":69,"column":12},"end":{"line":69,"column":47}},"12":{"start":{"line":72,"column":8},"end":{"line":72,"column":47}},"13":{"start":{"line":74,"column":8},"end":{"line":74,"column":82}},"14":{"start":{"line":77,"column":8},"end":{"line":77,"column":2754}},"15":{"start":{"line":83,"column":8},"end":{"line":83,"column":54}},"16":{"start":{"line":91,"column":8},"end":{"line":91,"column":3142}},"17":{"start":{"line":92,"column":12},"end":{"line":92,"column":32}},"18":{"start":{"line":95,"column":8},"end":{"line":95,"column":72}},"19":{"start":{"line":97,"column":8},"end":{"line":97,"column":59}},"20":{"start":{"line":100,"column":8},"end":{"line":100,"column":84}},"21":{"start":{"line":102,"column":8},"end":{"line":102,"column":66}},"22":{"start":{"line":104,"column":8},"end":{"line":104,"column":57}},"23":{"start":{"line":105,"column":8},"end":{"line":105,"column":67}},"24":{"start":{"line":107,"column":8},"end":{"line":107,"column":76}},"25":{"start":{"line":109,"column":8},"end":{"line":109,"column":70}},"26":{"start":{"line":110,"column":8},"end":{"line":110,"column":54}},"27":{"start":{"line":111,"column":8},"end":{"line":111,"column":78}},"28":{"start":{"line":113,"column":8},"end":{"line":113,"column":66}},"29":{"start":{"line":114,"column":8},"end":{"line":114,"column":42}},"30":{"start":{"line":116,"column":8},"end":{"line":116,"column":45}},"31":{"start":{"line":118,"column":8},"end":{"line":118,"column":83}},"32":{"start":{"line":120,"column":8},"end":{"line":120,"column":22}},"33":{"start":{"line":128,"column":8},"end":{"line":128,"column":4391}},"34":{"start":{"line":129,"column":12},"end":{"line":129,"column":56}},"35":{"start":{"line":130,"column":12},"end":{"line":130,"column":61}},"36":{"start":{"line":132,"column":12},"end":{"line":132,"column":63}}},"branchMap":{"1":{"line":68,"type":"if","locations":[{"start":{"line":68,"column":8},"end":{"line":68,"column":8}},{"start":{"line":68,"column":8},"end":{"line":68,"column":8}}]},"2":{"line":91,"type":"if","locations":[{"start":{"line":91,"column":8},"end":{"line":91,"column":8}},{"start":{"line":91,"column":8},"end":{"line":91,"column":8}}]},"3":{"line":128,"type":"if","locations":[{"start":{"line":128,"column":8},"end":{"line":128,"column":8}},{"start":{"line":128,"column":8},"end":{"line":128,"column":8}}]}}},"contracts/actions/flashloan/FLAave.sol":{"l":{"38":0,"39":0,"41":0,"42":0,"44":0,"46":0,"54":0,"64":0,"66":0,"73":0,"75":0,"85":0,"87":0,"89":0,"92":0,"98":0,"100":0},"path":"/Users/nenadpalinkasevic/Desktop/blockchain/defisaver-v3-contracts/contracts/actions/flashloan/FLAave.sol","s":{"1":0,"2":0,"3":0,"4":0,"5":0,"6":0,"7":0,"8":0,"9":0,"10":0,"11":0,"12":0,"13":0,"14":0,"15":0,"16":0,"17":0},"b":{},"f":{"1":0,"2":0,"3":0,"4":0,"5":0},"fnMap":{"1":{"name":"executeAction","line":32,"loc":{"start":{"line":32,"column":4},"end":{"line":47,"column":4}}},"2":{"name":"executeActionDirect","line":50,"loc":{"start":{"line":50,"column":4},"end":{"line":50,"column":84}}},"3":{"name":"actionType","line":53,"loc":{"start":{"line":53,"column":4},"end":{"line":55,"column":4}}},"4":{"name":"_flAave","line":59,"loc":{"start":{"line":59,"column":4},"end":{"line":76,"column":4}}},"5":{"name":"executeOperation","line":79,"loc":{"start":{"line":79,"column":4},"end":{"line":101,"column":4}}}},"statementMap":{"1":{"start":{"line":38,"column":8},"end":{"line":38,"column":60}},"2":{"start":{"line":39,"column":8},"end":{"line":39,"column":59}},"3":{"start":{"line":41,"column":8},"end":{"line":41,"column":82}},"4":{"start":{"line":42,"column":8},"end":{"line":42,"column":80}},"5":{"start":{"line":44,"column":8},"end":{"line":44,"column":63}},"6":{"start":{"line":46,"column":8},"end":{"line":46,"column":32}},"7":{"start":{"line":54,"column":8},"end":{"line":54,"column":42}},"8":{"start":{"line":64,"column":8},"end":{"line":64,"column":72}},"9":{"start":{"line":66,"column":8},"end":{"line":66,"column":2281}},"10":{"start":{"line":73,"column":8},"end":{"line":73,"column":87}},"11":{"start":{"line":75,"column":8},"end":{"line":75,"column":22}},"12":{"start":{"line":85,"column":8},"end":{"line":85,"column":84}},"13":{"start":{"line":87,"column":8},"end":{"line":87,"column":47}},"14":{"start":{"line":89,"column":8},"end":{"line":89,"column":82}},"15":{"start":{"line":92,"column":8},"end":{"line":92,"column":3053}},"16":{"start":{"line":98,"column":8},"end":{"line":98,"column":73}},"17":{"start":{"line":100,"column":8},"end":{"line":100,"column":59}}},"branchMap":{}},"contracts/actions/flashloan/FLAaveV2.sol":{"l":{"51":0,"53":0,"55":0,"63":0,"69":0,"79":0,"86":0,"97":0,"99":0,"100":0,"103":0,"106":0,"112":0,"113":0,"119":0,"127":0,"128":0,"129":0,"130":0,"131":0},"path":"/Users/nenadpalinkasevic/Desktop/blockchain/defisaver-v3-contracts/contracts/actions/flashloan/FLAaveV2.sol","s":{"1":0,"2":0,"3":0,"4":0,"5":0,"6":0,"7":0,"8":0,"9":0,"10":0,"11":0,"12":0,"13":0,"14":0,"15":0,"16":0,"17":0,"18":0,"19":0,"20":0},"b":{},"f":{"1":0,"2":0,"3":0,"4":0,"5":0,"6":0},"fnMap":{"1":{"name":"executeAction","line":45,"loc":{"start":{"line":45,"column":4},"end":{"line":56,"column":4}}},"2":{"name":"executeActionDirect","line":59,"loc":{"start":{"line":59,"column":4},"end":{"line":59,"column":84}}},"3":{"name":"actionType","line":62,"loc":{"start":{"line":62,"column":4},"end":{"line":64,"column":4}}},"4":{"name":"_flAaveV2","line":68,"loc":{"start":{"line":68,"column":4},"end":{"line":87,"column":4}}},"5":{"name":"executeOperation","line":90,"loc":{"start":{"line":90,"column":4},"end":{"line":120,"column":4}}},"6":{"name":"parseInputs","line":122,"loc":{"start":{"line":122,"column":4},"end":{"line":132,"column":4}}}},"statementMap":{"1":{"start":{"line":51,"column":8},"end":{"line":51,"column":59}},"2":{"start":{"line":53,"column":8},"end":{"line":53,"column":55}},"3":{"start":{"line":55,"column":8},"end":{"line":55,"column":32}},"4":{"start":{"line":63,"column":8},"end":{"line":63,"column":42}},"5":{"start":{"line":69,"column":8},"end":{"line":69,"column":2228}},"6":{"start":{"line":79,"column":8},"end":{"line":79,"column":2501}},"7":{"start":{"line":86,"column":8},"end":{"line":86,"column":33}},"8":{"start":{"line":97,"column":8},"end":{"line":97,"column":84}},"9":{"start":{"line":99,"column":8},"end":{"line":99,"column":3116}},"10":{"start":{"line":100,"column":12},"end":{"line":100,"column":57}},"11":{"start":{"line":103,"column":8},"end":{"line":103,"column":82}},"12":{"start":{"line":106,"column":8},"end":{"line":106,"column":3360}},"13":{"start":{"line":112,"column":8},"end":{"line":112,"column":3579}},"14":{"start":{"line":113,"column":12},"end":{"line":113,"column":3642}},"15":{"start":{"line":119,"column":8},"end":{"line":119,"column":19}},"16":{"start":{"line":127,"column":8},"end":{"line":127,"column":61}},"17":{"start":{"line":128,"column":8},"end":{"line":128,"column":60}},"18":{"start":{"line":129,"column":8},"end":{"line":129,"column":59}},"19":{"start":{"line":130,"column":8},"end":{"line":130,"column":62}},"20":{"start":{"line":131,"column":8},"end":{"line":131,"column":62}}},"branchMap":{}},"contracts/actions/mcd/helpers/McdHelper.sol":{"l":{"19":0,"20":0,"21":0,"28":0,"35":0,"41":0,"42":0,"50":0,"52":0,"53":0,"55":0,"56":0,"65":0,"66":0,"67":0,"69":0,"70":0,"72":0,"78":0,"85":0,"88":0,"89":0,"92":0,"99":0,"102":0,"103":0,"106":0,"114":0,"115":0,"117":0,"118":0,"120":0,"127":0,"129":0},"path":"/Users/nenadpalinkasevic/Desktop/blockchain/defisaver-v3-contracts/contracts/actions/mcd/helpers/McdHelper.sol","s":{"1":0,"2":0,"3":0,"4":0,"5":0,"6":0,"7":0,"8":0,"9":0,"10":0,"11":0,"12":0,"13":0,"14":0,"15":0,"16":0,"17":0,"18":0,"19":0,"20":0,"21":0,"22":0,"23":0,"24":0,"25":0,"26":0,"27":0,"28":0,"29":0,"30":0,"31":0,"32":0,"33":0,"34":0,"35":0,"36":0},"b":{"1":[0,0],"2":[0,0],"3":[0,0],"4":[0,0],"5":[0,0],"6":[0,0]},"f":{"1":0,"2":0,"3":0,"4":0,"5":0,"6":0,"7":0,"8":0,"9":0,"10":0,"11":0},"fnMap":{"1":{"name":"normalizeDrawAmount","line":18,"loc":{"start":{"line":18,"column":4},"end":{"line":23,"column":4}}},"2":{"name":"toRad","line":27,"loc":{"start":{"line":27,"column":4},"end":{"line":29,"column":4}}},"3":{"name":"convertTo18","line":34,"loc":{"start":{"line":34,"column":4},"end":{"line":36,"column":4}}},"4":{"name":"toPositiveInt","line":40,"loc":{"start":{"line":40,"column":4},"end":{"line":43,"column":4}}},"5":{"name":"normalizePaybackAmount","line":49,"loc":{"start":{"line":49,"column":4},"end":{"line":57,"column":4}}},"6":{"name":"getAllDebt","line":64,"loc":{"start":{"line":64,"column":4},"end":{"line":73,"column":4}}},"7":{"name":"getCollateralAddr","line":77,"loc":{"start":{"line":77,"column":4},"end":{"line":79,"column":4}}},"8":{"name":"isEthJoinAddr","line":83,"loc":{"start":{"line":83,"column":4},"end":{"line":93,"column":4}}},"9":{"name":"getTokenFromJoin","line":98,"loc":{"start":{"line":98,"column":4},"end":{"line":107,"column":4}}},"10":{"name":"getCdpInfo","line":113,"loc":{"start":{"line":113,"column":4},"end":{"line":121,"column":4}}},"11":{"name":"getOwner","line":126,"loc":{"start":{"line":126,"column":4},"end":{"line":130,"column":4}}}},"statementMap":{"1":{"start":{"line":19,"column":8},"end":{"line":19,"column":722}},"2":{"start":{"line":20,"column":12},"end":{"line":20,"column":79}},"3":{"start":{"line":21,"column":12},"end":{"line":21,"column":78}},"4":{"start":{"line":28,"column":8},"end":{"line":28,"column":34}},"5":{"start":{"line":35,"column":8},"end":{"line":35,"column":64}},"6":{"start":{"line":41,"column":8},"end":{"line":41,"column":18}},"7":{"start":{"line":42,"column":8},"end":{"line":42,"column":38}},"8":{"start":{"line":50,"column":8},"end":{"line":50,"column":39}},"9":{"start":{"line":52,"column":8},"end":{"line":52,"column":48}},"10":{"start":{"line":53,"column":8},"end":{"line":53,"column":50}},"11":{"start":{"line":55,"column":8},"end":{"line":55,"column":41}},"12":{"start":{"line":56,"column":8},"end":{"line":56,"column":69}},"13":{"start":{"line":65,"column":8},"end":{"line":65,"column":48}},"14":{"start":{"line":66,"column":8},"end":{"line":66,"column":50}},"15":{"start":{"line":67,"column":8},"end":{"line":67,"column":39}},"16":{"start":{"line":69,"column":8},"end":{"line":69,"column":43}},"17":{"start":{"line":70,"column":8},"end":{"line":70,"column":28}},"18":{"start":{"line":72,"column":8},"end":{"line":72,"column":72}},"19":{"start":{"line":78,"column":8},"end":{"line":78,"column":46}},"20":{"start":{"line":85,"column":8},"end":{"line":85,"column":81}},"21":{"start":{"line":85,"column":69},"end":{"line":85,"column":81}},"22":{"start":{"line":88,"column":8},"end":{"line":88,"column":3574}},"23":{"start":{"line":89,"column":12},"end":{"line":89,"column":23}},"24":{"start":{"line":92,"column":8},"end":{"line":92,"column":20}},"25":{"start":{"line":99,"column":8},"end":{"line":99,"column":87}},"26":{"start":{"line":99,"column":38},"end":{"line":99,"column":87}},"27":{"start":{"line":102,"column":8},"end":{"line":102,"column":4173}},"28":{"start":{"line":103,"column":12},"end":{"line":103,"column":61}},"29":{"start":{"line":106,"column":8},"end":{"line":106,"column":46}},"30":{"start":{"line":114,"column":8},"end":{"line":114,"column":36}},"31":{"start":{"line":115,"column":8},"end":{"line":115,"column":43}},"32":{"start":{"line":117,"column":8},"end":{"line":117,"column":64}},"33":{"start":{"line":118,"column":8},"end":{"line":118,"column":46}},"34":{"start":{"line":120,"column":8},"end":{"line":120,"column":45}},"35":{"start":{"line":127,"column":8},"end":{"line":127,"column":63}},"36":{"start":{"line":129,"column":8},"end":{"line":129,"column":28}}},"branchMap":{"1":{"line":19,"type":"if","locations":[{"start":{"line":19,"column":8},"end":{"line":19,"column":8}},{"start":{"line":19,"column":8},"end":{"line":19,"column":8}}]},"2":{"line":42,"type":"if","locations":[{"start":{"line":42,"column":8},"end":{"line":42,"column":8}},{"start":{"line":42,"column":8},"end":{"line":42,"column":8}}]},"3":{"line":85,"type":"if","locations":[{"start":{"line":85,"column":8},"end":{"line":85,"column":8}},{"start":{"line":85,"column":8},"end":{"line":85,"column":8}}]},"4":{"line":88,"type":"if","locations":[{"start":{"line":88,"column":8},"end":{"line":88,"column":8}},{"start":{"line":88,"column":8},"end":{"line":88,"column":8}}]},"5":{"line":99,"type":"if","locations":[{"start":{"line":99,"column":8},"end":{"line":99,"column":8}},{"start":{"line":99,"column":8},"end":{"line":99,"column":8}}]},"6":{"line":102,"type":"if","locations":[{"start":{"line":102,"column":8},"end":{"line":102,"column":8}},{"start":{"line":102,"column":8},"end":{"line":102,"column":8}}]}}},"contracts/actions/mcd/McdGenerate.sol":{"l":{"36":0,"38":0,"39":0,"40":0,"42":0,"44":0,"49":0,"51":0,"56":0,"68":0,"70":0,"71":0,"73":0,"76":0,"77":0,"80":0,"81":0,"83":0,"84":0,"87":0,"89":0,"91":0,"93":0,"105":0,"106":0,"107":0,"115":0,"117":0,"118":0,"120":0,"126":0,"127":0,"129":0},"path":"/Users/nenadpalinkasevic/Desktop/blockchain/defisaver-v3-contracts/contracts/actions/mcd/McdGenerate.sol","s":{"1":0,"2":0,"3":0,"4":0,"5":0,"6":0,"7":0,"8":0,"9":0,"10":0,"11":0,"12":0,"13":0,"14":0,"15":0,"16":0,"17":0,"18":0,"19":0,"20":0,"21":0,"22":0,"23":0,"24":0,"25":0,"26":0,"27":0,"28":0,"29":0,"30":0,"31":0,"32":0,"33":0},"b":{"1":[0,0],"2":[0,0]},"f":{"1":0,"2":0,"3":0,"4":0,"5":0,"6":0,"7":0},"fnMap":{"1":{"name":"executeAction","line":30,"loc":{"start":{"line":30,"column":4},"end":{"line":45,"column":4}}},"2":{"name":"executeActionDirect","line":48,"loc":{"start":{"line":48,"column":4},"end":{"line":52,"column":4}}},"3":{"name":"actionType","line":55,"loc":{"start":{"line":55,"column":4},"end":{"line":57,"column":4}}},"4":{"name":"_mcdGenerate","line":63,"loc":{"start":{"line":63,"column":4},"end":{"line":94,"column":4}}},"5":{"name":"parseInputs","line":96,"loc":{"start":{"line":96,"column":4},"end":{"line":108,"column":4}}},"6":{"name":"getMaxDebt","line":114,"loc":{"start":{"line":114,"column":4},"end":{"line":121,"column":4}}},"7":{"name":"getPrice","line":125,"loc":{"start":{"line":125,"column":4},"end":{"line":130,"column":4}}}},"statementMap":{"1":{"start":{"line":36,"column":8},"end":{"line":36,"column":76}},"2":{"start":{"line":38,"column":8},"end":{"line":38,"column":80}},"3":{"start":{"line":39,"column":8},"end":{"line":39,"column":82}},"4":{"start":{"line":40,"column":8},"end":{"line":40,"column":74}},"5":{"start":{"line":42,"column":8},"end":{"line":42,"column":47}},"6":{"start":{"line":44,"column":8},"end":{"line":44,"column":30}},"7":{"start":{"line":49,"column":8},"end":{"line":49,"column":76}},"8":{"start":{"line":51,"column":8},"end":{"line":51,"column":38}},"9":{"start":{"line":56,"column":8},"end":{"line":56,"column":48}},"10":{"start":{"line":68,"column":8},"end":{"line":68,"column":42}},"11":{"start":{"line":70,"column":8},"end":{"line":70,"column":50}},"12":{"start":{"line":71,"column":8},"end":{"line":71,"column":61}},"13":{"start":{"line":73,"column":8},"end":{"line":73,"column":51}},"14":{"start":{"line":76,"column":8},"end":{"line":76,"column":2827}},"15":{"start":{"line":77,"column":12},"end":{"line":77,"column":30}},"16":{"start":{"line":80,"column":8},"end":{"line":80,"column":89}},"17":{"start":{"line":81,"column":8},"end":{"line":81,"column":58}},"18":{"start":{"line":83,"column":8},"end":{"line":83,"column":3061}},"19":{"start":{"line":84,"column":12},"end":{"line":84,"column":37}},"20":{"start":{"line":87,"column":8},"end":{"line":87,"column":62}},"21":{"start":{"line":89,"column":8},"end":{"line":89,"column":48}},"22":{"start":{"line":91,"column":8},"end":{"line":91,"column":88}},"23":{"start":{"line":93,"column":8},"end":{"line":93,"column":22}},"24":{"start":{"line":105,"column":8},"end":{"line":105,"column":52}},"25":{"start":{"line":106,"column":8},"end":{"line":106,"column":51}},"26":{"start":{"line":107,"column":8},"end":{"line":107,"column":47}},"27":{"start":{"line":115,"column":8},"end":{"line":115,"column":38}},"28":{"start":{"line":117,"column":8},"end":{"line":117,"column":44}},"29":{"start":{"line":118,"column":8},"end":{"line":118,"column":78}},"30":{"start":{"line":120,"column":8},"end":{"line":120,"column":67}},"31":{"start":{"line":126,"column":8},"end":{"line":126,"column":44}},"32":{"start":{"line":127,"column":8},"end":{"line":127,"column":47}},"33":{"start":{"line":129,"column":8},"end":{"line":129,"column":51}}},"branchMap":{"1":{"line":76,"type":"if","locations":[{"start":{"line":76,"column":8},"end":{"line":76,"column":8}},{"start":{"line":76,"column":8},"end":{"line":76,"column":8}}]},"2":{"line":83,"type":"if","locations":[{"start":{"line":83,"column":8},"end":{"line":83,"column":8}},{"start":{"line":83,"column":8},"end":{"line":83,"column":8}}]}}},"contracts/actions/mcd/McdOpen.sol":{"l":{"23":0,"25":0,"27":0,"29":0,"34":0,"36":0,"41":0,"49":0,"50":0,"52":0,"56":0},"path":"/Users/nenadpalinkasevic/Desktop/blockchain/defisaver-v3-contracts/contracts/actions/mcd/McdOpen.sol","s":{"1":0,"2":0,"3":0,"4":0,"5":0,"6":0,"7":0,"8":0,"9":0,"10":0,"11":0},"b":{},"f":{"1":0,"2":0,"3":0,"4":0,"5":0},"fnMap":{"1":{"name":"executeAction","line":17,"loc":{"start":{"line":17,"column":4},"end":{"line":30,"column":4}}},"2":{"name":"executeActionDirect","line":33,"loc":{"start":{"line":33,"column":4},"end":{"line":37,"column":4}}},"3":{"name":"actionType","line":40,"loc":{"start":{"line":40,"column":4},"end":{"line":42,"column":4}}},"4":{"name":"_mcdOpen","line":48,"loc":{"start":{"line":48,"column":4},"end":{"line":53,"column":4}}},"5":{"name":"parseInputs","line":55,"loc":{"start":{"line":55,"column":4},"end":{"line":57,"column":4}}}},"statementMap":{"1":{"start":{"line":23,"column":8},"end":{"line":23,"column":49}},"2":{"start":{"line":25,"column":8},"end":{"line":25,"column":86}},"3":{"start":{"line":27,"column":8},"end":{"line":27,"column":47}},"4":{"start":{"line":29,"column":8},"end":{"line":29,"column":34}},"5":{"start":{"line":34,"column":8},"end":{"line":34,"column":49}},"6":{"start":{"line":36,"column":8},"end":{"line":36,"column":25}},"7":{"start":{"line":41,"column":8},"end":{"line":41,"column":48}},"8":{"start":{"line":49,"column":8},"end":{"line":49,"column":44}},"9":{"start":{"line":50,"column":8},"end":{"line":50,"column":49}},"10":{"start":{"line":52,"column":8},"end":{"line":52,"column":76}},"11":{"start":{"line":56,"column":8},"end":{"line":56,"column":53}}},"branchMap":{}},"contracts/actions/mcd/McdPayback.sol":{"l":{"32":0,"34":0,"35":0,"36":0,"38":0,"40":0,"45":0,"47":0,"52":0,"63":0,"64":0,"66":0,"69":0,"70":0,"73":0,"75":0,"77":0,"79":0,"81":0,"83":0,"95":0,"96":0,"97":0},"path":"/Users/nenadpalinkasevic/Desktop/blockchain/defisaver-v3-contracts/contracts/actions/mcd/McdPayback.sol","s":{"1":0,"2":0,"3":0,"4":0,"5":0,"6":0,"7":0,"8":0,"9":0,"10":0,"11":0,"12":0,"13":0,"14":0,"15":0,"16":0,"17":0,"18":0,"19":0,"20":0,"21":0,"22":0,"23":0},"b":{"1":[0,0]},"f":{"1":0,"2":0,"3":0,"4":0,"5":0},"fnMap":{"1":{"name":"executeAction","line":26,"loc":{"start":{"line":26,"column":4},"end":{"line":41,"column":4}}},"2":{"name":"executeActionDirect","line":44,"loc":{"start":{"line":44,"column":4},"end":{"line":48,"column":4}}},"3":{"name":"actionType","line":51,"loc":{"start":{"line":51,"column":4},"end":{"line":53,"column":4}}},"4":{"name":"_mcdPayback","line":58,"loc":{"start":{"line":58,"column":4},"end":{"line":84,"column":4}}},"5":{"name":"parseInputs","line":86,"loc":{"start":{"line":86,"column":4},"end":{"line":98,"column":4}}}},"statementMap":{"1":{"start":{"line":32,"column":8},"end":{"line":32,"column":80}},"2":{"start":{"line":34,"column":8},"end":{"line":34,"column":84}},"3":{"start":{"line":35,"column":8},"end":{"line":35,"column":82}},"4":{"start":{"line":36,"column":8},"end":{"line":36,"column":78}},"5":{"start":{"line":38,"column":8},"end":{"line":38,"column":50}},"6":{"start":{"line":40,"column":8},"end":{"line":40,"column":30}},"7":{"start":{"line":45,"column":8},"end":{"line":45,"column":80}},"8":{"start":{"line":47,"column":8},"end":{"line":47,"column":41}},"9":{"start":{"line":52,"column":8},"end":{"line":52,"column":48}},"10":{"start":{"line":63,"column":8},"end":{"line":63,"column":44}},"11":{"start":{"line":64,"column":8},"end":{"line":64,"column":44}},"12":{"start":{"line":66,"column":8},"end":{"line":66,"column":66}},"13":{"start":{"line":69,"column":8},"end":{"line":69,"column":2502}},"14":{"start":{"line":70,"column":12},"end":{"line":70,"column":30}},"15":{"start":{"line":73,"column":8},"end":{"line":73,"column":46}},"16":{"start":{"line":75,"column":8},"end":{"line":75,"column":60}},"17":{"start":{"line":77,"column":8},"end":{"line":77,"column":52}},"18":{"start":{"line":79,"column":8},"end":{"line":79,"column":79}},"19":{"start":{"line":81,"column":8},"end":{"line":81,"column":96}},"20":{"start":{"line":83,"column":8},"end":{"line":83,"column":22}},"21":{"start":{"line":95,"column":8},"end":{"line":95,"column":52}},"22":{"start":{"line":96,"column":8},"end":{"line":96,"column":51}},"23":{"start":{"line":97,"column":8},"end":{"line":97,"column":49}}},"branchMap":{"1":{"line":69,"type":"if","locations":[{"start":{"line":69,"column":8},"end":{"line":69,"column":8}},{"start":{"line":69,"column":8},"end":{"line":69,"column":8}}]}}},"contracts/actions/mcd/McdSupply.sol":{"l":{"29":0,"31":0,"32":0,"33":0,"34":0,"36":0,"38":0,"43":0,"45":0,"50":0,"64":0,"66":0,"69":0,"70":0,"73":0,"75":0,"76":0,"77":0,"79":0,"82":0,"84":0,"86":0,"95":0,"102":0,"115":0,"116":0,"117":0,"118":0},"path":"/Users/nenadpalinkasevic/Desktop/blockchain/defisaver-v3-contracts/contracts/actions/mcd/McdSupply.sol","s":{"1":0,"2":0,"3":0,"4":0,"5":0,"6":0,"7":0,"8":0,"9":0,"10":0,"11":0,"12":0,"13":0,"14":0,"15":0,"16":0,"17":0,"18":0,"19":0,"20":0,"21":0,"22":0,"23":0,"24":0,"25":0,"26":0,"27":0,"28":0},"b":{"1":[0,0],"2":[0,0]},"f":{"1":0,"2":0,"3":0,"4":0,"5":0},"fnMap":{"1":{"name":"executeAction","line":23,"loc":{"start":{"line":23,"column":4},"end":{"line":39,"column":4}}},"2":{"name":"executeActionDirect","line":42,"loc":{"start":{"line":42,"column":4},"end":{"line":46,"column":4}}},"3":{"name":"actionType","line":49,"loc":{"start":{"line":49,"column":4},"end":{"line":51,"column":4}}},"4":{"name":"_mcdSupply","line":58,"loc":{"start":{"line":58,"column":4},"end":{"line":103,"column":4}}},"5":{"name":"parseInputs","line":105,"loc":{"start":{"line":105,"column":4},"end":{"line":119,"column":4}}}},"statementMap":{"1":{"start":{"line":29,"column":8},"end":{"line":29,"column":98}},"2":{"start":{"line":31,"column":8},"end":{"line":31,"column":84}},"3":{"start":{"line":32,"column":8},"end":{"line":32,"column":82}},"4":{"start":{"line":33,"column":8},"end":{"line":33,"column":86}},"5":{"start":{"line":34,"column":8},"end":{"line":34,"column":78}},"6":{"start":{"line":36,"column":8},"end":{"line":36,"column":74}},"7":{"start":{"line":38,"column":8},"end":{"line":38,"column":36}},"8":{"start":{"line":43,"column":8},"end":{"line":43,"column":98}},"9":{"start":{"line":45,"column":8},"end":{"line":45,"column":50}},"10":{"start":{"line":50,"column":8},"end":{"line":50,"column":48}},"11":{"start":{"line":64,"column":8},"end":{"line":64,"column":59}},"12":{"start":{"line":66,"column":8},"end":{"line":66,"column":44}},"13":{"start":{"line":69,"column":8},"end":{"line":69,"column":2496}},"14":{"start":{"line":70,"column":12},"end":{"line":70,"column":57}},"15":{"start":{"line":73,"column":8},"end":{"line":73,"column":32}},"16":{"start":{"line":75,"column":8},"end":{"line":75,"column":2637}},"17":{"start":{"line":76,"column":12},"end":{"line":76,"column":53}},"18":{"start":{"line":77,"column":12},"end":{"line":77,"column":49}},"19":{"start":{"line":79,"column":12},"end":{"line":79,"column":73}},"20":{"start":{"line":82,"column":8},"end":{"line":82,"column":51}},"21":{"start":{"line":84,"column":8},"end":{"line":84,"column":52}},"22":{"start":{"line":86,"column":8},"end":{"line":86,"column":3000}},"23":{"start":{"line":95,"column":8},"end":{"line":95,"column":3197}},"24":{"start":{"line":102,"column":8},"end":{"line":102,"column":22}},"25":{"start":{"line":115,"column":8},"end":{"line":115,"column":52}},"26":{"start":{"line":116,"column":8},"end":{"line":116,"column":51}},"27":{"start":{"line":117,"column":8},"end":{"line":117,"column":53}},"28":{"start":{"line":118,"column":8},"end":{"line":118,"column":49}}},"branchMap":{"1":{"line":69,"type":"if","locations":[{"start":{"line":69,"column":8},"end":{"line":69,"column":8}},{"start":{"line":69,"column":8},"end":{"line":69,"column":8}}]},"2":{"line":75,"type":"if","locations":[{"start":{"line":75,"column":8},"end":{"line":75,"column":8}},{"start":{"line":75,"column":8},"end":{"line":75,"column":8}}]}}},"contracts/actions/mcd/McdWithdraw.sol":{"l":{"29":0,"31":0,"32":0,"33":0,"34":0,"36":0,"38":0,"43":0,"45":0,"50":0,"65":0,"66":0,"69":0,"72":0,"73":0,"76":0,"77":0,"79":0,"82":0,"83":0,"86":0,"88":0,"95":0,"108":0,"109":0,"110":0,"111":0},"path":"/Users/nenadpalinkasevic/Desktop/blockchain/defisaver-v3-contracts/contracts/actions/mcd/McdWithdraw.sol","s":{"1":0,"2":0,"3":0,"4":0,"5":0,"6":0,"7":0,"8":0,"9":0,"10":0,"11":0,"12":0,"13":0,"14":0,"15":0,"16":0,"17":0,"18":0,"19":0,"20":0,"21":0,"22":0,"23":0,"24":0,"25":0,"26":0,"27":0},"b":{"1":[0,0],"2":[0,0],"3":[0,0]},"f":{"1":0,"2":0,"3":0,"4":0,"5":0},"fnMap":{"1":{"name":"executeAction","line":23,"loc":{"start":{"line":23,"column":4},"end":{"line":39,"column":4}}},"2":{"name":"executeActionDirect","line":42,"loc":{"start":{"line":42,"column":4},"end":{"line":46,"column":4}}},"3":{"name":"actionType","line":49,"loc":{"start":{"line":49,"column":4},"end":{"line":51,"column":4}}},"4":{"name":"_mcdWithdraw","line":57,"loc":{"start":{"line":57,"column":4},"end":{"line":96,"column":4}}},"5":{"name":"parseInputs","line":98,"loc":{"start":{"line":98,"column":4},"end":{"line":112,"column":4}}}},"statementMap":{"1":{"start":{"line":29,"column":8},"end":{"line":29,"column":96}},"2":{"start":{"line":31,"column":8},"end":{"line":31,"column":84}},"3":{"start":{"line":32,"column":8},"end":{"line":32,"column":82}},"4":{"start":{"line":33,"column":8},"end":{"line":33,"column":86}},"5":{"start":{"line":34,"column":8},"end":{"line":34,"column":74}},"6":{"start":{"line":36,"column":8},"end":{"line":36,"column":59}},"7":{"start":{"line":38,"column":8},"end":{"line":38,"column":30}},"8":{"start":{"line":43,"column":8},"end":{"line":43,"column":96}},"9":{"start":{"line":45,"column":8},"end":{"line":45,"column":50}},"10":{"start":{"line":50,"column":8},"end":{"line":50,"column":48}},"11":{"start":{"line":65,"column":8},"end":{"line":65,"column":2319}},"12":{"start":{"line":66,"column":12},"end":{"line":66,"column":78}},"13":{"start":{"line":69,"column":8},"end":{"line":69,"column":36}},"14":{"start":{"line":72,"column":8},"end":{"line":72,"column":2534}},"15":{"start":{"line":73,"column":12},"end":{"line":73,"column":69}},"16":{"start":{"line":76,"column":8},"end":{"line":76,"column":60}},"17":{"start":{"line":77,"column":8},"end":{"line":77,"column":56}},"18":{"start":{"line":79,"column":8},"end":{"line":79,"column":52}},"19":{"start":{"line":82,"column":8},"end":{"line":82,"column":2880}},"20":{"start":{"line":83,"column":12},"end":{"line":83,"column":32}},"21":{"start":{"line":86,"column":8},"end":{"line":86,"column":64}},"22":{"start":{"line":88,"column":8},"end":{"line":88,"column":3049}},"23":{"start":{"line":95,"column":8},"end":{"line":95,"column":22}},"24":{"start":{"line":108,"column":8},"end":{"line":108,"column":52}},"25":{"start":{"line":109,"column":8},"end":{"line":109,"column":51}},"26":{"start":{"line":110,"column":8},"end":{"line":110,"column":53}},"27":{"start":{"line":111,"column":8},"end":{"line":111,"column":47}}},"branchMap":{"1":{"line":65,"type":"if","locations":[{"start":{"line":65,"column":8},"end":{"line":65,"column":8}},{"start":{"line":65,"column":8},"end":{"line":65,"column":8}}]},"2":{"line":72,"type":"if","locations":[{"start":{"line":72,"column":8},"end":{"line":72,"column":8}},{"start":{"line":72,"column":8},"end":{"line":72,"column":8}}]},"3":{"line":82,"type":"if","locations":[{"start":{"line":82,"column":8},"end":{"line":82,"column":8}},{"start":{"line":82,"column":8},"end":{"line":82,"column":8}}]}}},"contracts/actions/utils/SendToken.sol":{"l":{"19":0,"21":0,"22":0,"23":0,"25":0,"27":0,"32":0,"34":0,"39":0,"53":0,"54":0,"57":0,"59":0,"71":0,"72":0,"73":0},"path":"/Users/nenadpalinkasevic/Desktop/blockchain/defisaver-v3-contracts/contracts/actions/utils/SendToken.sol","s":{"1":0,"2":0,"3":0,"4":0,"5":0,"6":0,"7":0,"8":0,"9":0,"10":0,"11":0,"12":0,"13":0,"14":0,"15":0,"16":0},"b":{"1":[0,0]},"f":{"1":0,"2":0,"3":0,"4":0,"5":0},"fnMap":{"1":{"name":"executeAction","line":13,"loc":{"start":{"line":13,"column":4},"end":{"line":28,"column":4}}},"2":{"name":"executeActionDirect","line":31,"loc":{"start":{"line":31,"column":4},"end":{"line":35,"column":4}}},"3":{"name":"actionType","line":38,"loc":{"start":{"line":38,"column":4},"end":{"line":40,"column":4}}},"4":{"name":"_sendToken","line":51,"loc":{"start":{"line":51,"column":4},"end":{"line":60,"column":4}}},"5":{"name":"parseInputs","line":62,"loc":{"start":{"line":62,"column":4},"end":{"line":74,"column":4}}}},"statementMap":{"1":{"start":{"line":19,"column":8},"end":{"line":19,"column":77}},"2":{"start":{"line":21,"column":8},"end":{"line":21,"column":88}},"3":{"start":{"line":22,"column":8},"end":{"line":22,"column":74}},"4":{"start":{"line":23,"column":8},"end":{"line":23,"column":82}},"5":{"start":{"line":25,"column":8},"end":{"line":25,"column":49}},"6":{"start":{"line":27,"column":8},"end":{"line":27,"column":30}},"7":{"start":{"line":32,"column":8},"end":{"line":32,"column":77}},"8":{"start":{"line":34,"column":8},"end":{"line":34,"column":40}},"9":{"start":{"line":39,"column":8},"end":{"line":39,"column":48}},"10":{"start":{"line":53,"column":8},"end":{"line":53,"column":1893}},"11":{"start":{"line":54,"column":12},"end":{"line":54,"column":58}},"12":{"start":{"line":57,"column":8},"end":{"line":57,"column":47}},"13":{"start":{"line":59,"column":8},"end":{"line":59,"column":22}},"14":{"start":{"line":71,"column":8},"end":{"line":71,"column":54}},"15":{"start":{"line":72,"column":8},"end":{"line":72,"column":47}},"16":{"start":{"line":73,"column":8},"end":{"line":73,"column":51}}},"branchMap":{"1":{"line":53,"type":"if","locations":[{"start":{"line":53,"column":8},"end":{"line":53,"column":8}},{"start":{"line":53,"column":8},"end":{"line":53,"column":8}}]}}},"contracts/actions/utils/SumInputs.sol":{"l":{"18":0,"19":0,"21":0,"22":0,"24":0,"32":0,"38":0},"path":"/Users/nenadpalinkasevic/Desktop/blockchain/defisaver-v3-contracts/contracts/actions/utils/SumInputs.sol","s":{"1":0,"2":0,"3":0,"4":0,"5":0,"6":0,"7":0},"b":{},"f":{"1":0,"2":0,"3":0,"4":0},"fnMap":{"1":{"name":"executeAction","line":12,"loc":{"start":{"line":12,"column":4},"end":{"line":25,"column":4}}},"2":{"name":"executeActionDirect","line":28,"loc":{"start":{"line":28,"column":4},"end":{"line":28,"column":84}}},"3":{"name":"actionType","line":31,"loc":{"start":{"line":31,"column":4},"end":{"line":33,"column":4}}},"4":{"name":"_sumInputs","line":37,"loc":{"start":{"line":37,"column":4},"end":{"line":39,"column":4}}}},"statementMap":{"1":{"start":{"line":18,"column":8},"end":{"line":18,"column":49}},"2":{"start":{"line":19,"column":8},"end":{"line":19,"column":49}},"3":{"start":{"line":21,"column":8},"end":{"line":21,"column":72}},"4":{"start":{"line":22,"column":8},"end":{"line":22,"column":72}},"5":{"start":{"line":24,"column":8},"end":{"line":24,"column":40}},"6":{"start":{"line":32,"column":8},"end":{"line":32,"column":48}},"7":{"start":{"line":38,"column":8},"end":{"line":38,"column":22}}},"branchMap":{}},"contracts/auth/AdminAuth.sol":{"l":{"17":0,"18":0,"22":0,"23":0,"28":0,"29":0,"31":0,"37":0,"43":0},"path":"/Users/nenadpalinkasevic/Desktop/blockchain/defisaver-v3-contracts/contracts/auth/AdminAuth.sol","s":{"1":0,"2":0,"3":0,"4":0,"5":0,"6":0,"7":0},"b":{"1":[0,0],"2":[0,0],"3":[0,0]},"f":{"1":0,"2":0,"3":0,"4":0,"5":0},"fnMap":{"1":{"name":"onlyOwner","line":16,"loc":{"start":{"line":16,"column":4},"end":{"line":19,"column":4}}},"2":{"name":"onlyAdmin","line":21,"loc":{"start":{"line":21,"column":4},"end":{"line":24,"column":4}}},"3":{"name":"withdrawStuckFunds","line":27,"loc":{"start":{"line":27,"column":4},"end":{"line":33,"column":4}}},"4":{"name":"kill","line":36,"loc":{"start":{"line":36,"column":4},"end":{"line":38,"column":4}}},"5":{"name":"changeAdminVault","line":42,"loc":{"start":{"line":42,"column":4},"end":{"line":44,"column":4}}}},"statementMap":{"1":{"start":{"line":17,"column":8},"end":{"line":17,"column":72}},"2":{"start":{"line":22,"column":8},"end":{"line":22,"column":72}},"3":{"start":{"line":28,"column":8},"end":{"line":28,"column":779}},"4":{"start":{"line":29,"column":12},"end":{"line":29,"column":47}},"5":{"start":{"line":31,"column":12},"end":{"line":31,"column":58}},"6":{"start":{"line":37,"column":8},"end":{"line":37,"column":40}},"7":{"start":{"line":43,"column":8},"end":{"line":43,"column":46}}},"branchMap":{"1":{"line":17,"type":"if","locations":[{"start":{"line":17,"column":8},"end":{"line":17,"column":8}},{"start":{"line":17,"column":8},"end":{"line":17,"column":8}}]},"2":{"line":22,"type":"if","locations":[{"start":{"line":22,"column":8},"end":{"line":22,"column":8}},{"start":{"line":22,"column":8},"end":{"line":22,"column":8}}]},"3":{"line":28,"type":"if","locations":[{"start":{"line":28,"column":8},"end":{"line":28,"column":8}},{"start":{"line":28,"column":8},"end":{"line":28,"column":8}}]}}},"contracts/auth/AdminVault.sol":{"l":{"10":0,"11":0,"17":0,"18":0,"24":0,"25":0},"path":"/Users/nenadpalinkasevic/Desktop/blockchain/defisaver-v3-contracts/contracts/auth/AdminVault.sol","s":{"1":0,"2":0,"3":0,"4":0,"5":0,"6":0},"b":{"1":[0,0],"2":[0,0]},"f":{"1":0,"2":0,"3":0},"fnMap":{"1":{"name":"constructor","line":9,"loc":{"start":{"line":9,"column":4},"end":{"line":12,"column":4}}},"2":{"name":"changeOwner","line":16,"loc":{"start":{"line":16,"column":4},"end":{"line":19,"column":4}}},"3":{"name":"changeAdmin","line":23,"loc":{"start":{"line":23,"column":4},"end":{"line":26,"column":4}}}},"statementMap":{"1":{"start":{"line":10,"column":8},"end":{"line":10,"column":25}},"2":{"start":{"line":11,"column":8},"end":{"line":11,"column":57}},"3":{"start":{"line":17,"column":8},"end":{"line":17,"column":59}},"4":{"start":{"line":18,"column":8},"end":{"line":18,"column":21}},"5":{"start":{"line":24,"column":8},"end":{"line":24,"column":59}},"6":{"start":{"line":25,"column":8},"end":{"line":25,"column":21}}},"branchMap":{"1":{"line":17,"type":"if","locations":[{"start":{"line":17,"column":8},"end":{"line":17,"column":8}},{"start":{"line":17,"column":8},"end":{"line":17,"column":8}}]},"2":{"line":24,"type":"if","locations":[{"start":{"line":24,"column":8},"end":{"line":24,"column":8}},{"start":{"line":24,"column":8},"end":{"line":24,"column":8}}]}}},"contracts/auth/ProxyPermission.sol":{"l":{"15":0,"16":0,"18":0,"19":0,"20":0,"23":0,"29":0,"32":0,"33":0,"36":0,"37":0,"41":0},"path":"/Users/nenadpalinkasevic/Desktop/blockchain/defisaver-v3-contracts/contracts/auth/ProxyPermission.sol","s":{"1":0,"2":0,"3":0,"4":0,"5":0,"6":0,"7":0,"8":0,"9":0,"10":0,"11":0,"12":0},"b":{"1":[0,0],"2":[0,0]},"f":{"1":0,"2":0,"3":0},"fnMap":{"1":{"name":"givePermission","line":14,"loc":{"start":{"line":14,"column":4},"end":{"line":24,"column":4}}},"2":{"name":"removePermission","line":28,"loc":{"start":{"line":28,"column":4},"end":{"line":38,"column":4}}},"3":{"name":"proxyOwner","line":40,"loc":{"start":{"line":40,"column":4},"end":{"line":42,"column":4}}}},"statementMap":{"1":{"start":{"line":15,"column":8},"end":{"line":15,"column":74}},"2":{"start":{"line":16,"column":8},"end":{"line":16,"column":46}},"3":{"start":{"line":18,"column":8},"end":{"line":18,"column":663}},"4":{"start":{"line":19,"column":12},"end":{"line":19,"column":61}},"5":{"start":{"line":20,"column":12},"end":{"line":20,"column":74}},"6":{"start":{"line":23,"column":8},"end":{"line":23,"column":94}},"7":{"start":{"line":29,"column":8},"end":{"line":29,"column":74}},"8":{"start":{"line":32,"column":8},"end":{"line":32,"column":1354}},"9":{"start":{"line":33,"column":12},"end":{"line":33,"column":18}},"10":{"start":{"line":36,"column":8},"end":{"line":36,"column":46}},"11":{"start":{"line":37,"column":8},"end":{"line":37,"column":94}},"12":{"start":{"line":41,"column":8},"end":{"line":41,"column":44}}},"branchMap":{"1":{"line":18,"type":"if","locations":[{"start":{"line":18,"column":8},"end":{"line":18,"column":8}},{"start":{"line":18,"column":8},"end":{"line":18,"column":8}}]},"2":{"line":32,"type":"if","locations":[{"start":{"line":32,"column":8},"end":{"line":32,"column":8}},{"start":{"line":32,"column":8},"end":{"line":32,"column":8}}]}}},"contracts/core/BotAuth.sol":{"l":{"15":0,"21":0,"27":0},"path":"/Users/nenadpalinkasevic/Desktop/blockchain/defisaver-v3-contracts/contracts/core/BotAuth.sol","s":{"1":0,"2":0,"3":0},"b":{},"f":{"1":0,"2":0,"3":0},"fnMap":{"1":{"name":"isApproved","line":14,"loc":{"start":{"line":14,"column":4},"end":{"line":16,"column":4}}},"2":{"name":"addCaller","line":20,"loc":{"start":{"line":20,"column":4},"end":{"line":22,"column":4}}},"3":{"name":"removeCaller","line":26,"loc":{"start":{"line":26,"column":4},"end":{"line":28,"column":4}}}},"statementMap":{"1":{"start":{"line":15,"column":8},"end":{"line":15,"column":39}},"2":{"start":{"line":21,"column":8},"end":{"line":21,"column":38}},"3":{"start":{"line":27,"column":8},"end":{"line":27,"column":39}}},"branchMap":{}},"contracts/core/DFSRegistry.sol":{"l":{"42":0,"48":0,"62":0,"64":0,"74":0,"76":0,"88":0,"89":0,"91":0,"92":0,"94":0,"107":0,"108":0,"110":0,"111":0,"113":0,"115":0,"126":0,"127":0,"128":0,"133":0,"134":0,"135":0,"136":0,"138":0,"139":0,"141":0,"152":0,"153":0,"155":0,"157":0,"158":0,"159":0,"161":0,"173":0,"174":0,"176":0,"178":0,"179":0,"181":0,"192":0,"193":0,"194":0,"199":0,"200":0,"202":0,"203":0,"205":0,"207":0,"218":0,"219":0,"221":0,"223":0,"224":0,"225":0,"227":0},"path":"/Users/nenadpalinkasevic/Desktop/blockchain/defisaver-v3-contracts/contracts/core/DFSRegistry.sol","s":{"1":0,"2":0,"3":0,"4":0,"5":0,"6":0,"7":0,"8":0,"9":0,"10":0,"11":0,"12":0,"13":0,"14":0,"15":0,"16":0,"17":0,"18":0,"19":0,"20":0,"21":0,"22":0,"23":0,"24":0,"25":0,"26":0,"27":0,"28":0,"29":0,"30":0,"31":0,"32":0,"33":0,"34":0,"35":0,"36":0,"37":0,"38":0,"39":0,"40":0,"41":0,"42":0,"43":0,"44":0,"45":0,"46":0,"47":0,"48":0,"49":0,"50":0,"51":0,"52":0,"53":0,"54":0,"55":0,"56":0},"b":{"1":[0,0],"2":[0,0],"3":[0,0],"4":[0,0],"5":[0,0],"6":[0,0],"7":[0,0],"8":[0,0],"9":[0,0],"10":[0,0],"11":[0,0],"12":[0,0],"13":[0,0],"14":[0,0],"15":[0,0],"16":[0,0],"17":[0,0]},"f":{"1":0,"2":0,"3":0,"4":0,"5":0,"6":0,"7":0,"8":0,"9":0,"10":0},"fnMap":{"1":{"name":"getAddr","line":41,"loc":{"start":{"line":41,"column":4},"end":{"line":43,"column":4}}},"2":{"name":"isRegistered","line":47,"loc":{"start":{"line":47,"column":4},"end":{"line":49,"column":4}}},"3":{"name":"addNewContract","line":61,"loc":{"start":{"line":57,"column":4},"end":{"line":82,"column":4}}},"4":{"name":"revertToPreviousAddress","line":87,"loc":{"start":{"line":87,"column":4},"end":{"line":100,"column":4}}},"5":{"name":"startContractChange","line":106,"loc":{"start":{"line":106,"column":4},"end":{"line":121,"column":4}}},"6":{"name":"approveContractChange","line":125,"loc":{"start":{"line":125,"column":4},"end":{"line":147,"column":4}}},"7":{"name":"cancelContractChange","line":151,"loc":{"start":{"line":151,"column":4},"end":{"line":167,"column":4}}},"8":{"name":"startWaitPeriodChange","line":172,"loc":{"start":{"line":172,"column":4},"end":{"line":187,"column":4}}},"9":{"name":"approveWaitPeriodChange","line":191,"loc":{"start":{"line":191,"column":4},"end":{"line":213,"column":4}}},"10":{"name":"cancelWaitPeriodChange","line":217,"loc":{"start":{"line":217,"column":4},"end":{"line":233,"column":4}}}},"statementMap":{"1":{"start":{"line":42,"column":8},"end":{"line":42,"column":40}},"2":{"start":{"line":48,"column":8},"end":{"line":48,"column":34}},"3":{"start":{"line":62,"column":8},"end":{"line":62,"column":62}},"4":{"start":{"line":64,"column":8},"end":{"line":64,"column":2460}},"5":{"start":{"line":74,"column":8},"end":{"line":74,"column":45}},"6":{"start":{"line":76,"column":8},"end":{"line":76,"column":2839}},"7":{"start":{"line":88,"column":8},"end":{"line":88,"column":59}},"8":{"start":{"line":89,"column":8},"end":{"line":89,"column":73}},"9":{"start":{"line":91,"column":8},"end":{"line":91,"column":55}},"10":{"start":{"line":92,"column":8},"end":{"line":92,"column":57}},"11":{"start":{"line":94,"column":8},"end":{"line":94,"column":3529}},"12":{"start":{"line":107,"column":8},"end":{"line":107,"column":59}},"13":{"start":{"line":108,"column":8},"end":{"line":108,"column":83}},"14":{"start":{"line":110,"column":8},"end":{"line":110,"column":53}},"15":{"start":{"line":111,"column":8},"end":{"line":111,"column":43}},"16":{"start":{"line":113,"column":8},"end":{"line":113,"column":47}},"17":{"start":{"line":115,"column":8},"end":{"line":115,"column":4362}},"18":{"start":{"line":126,"column":8},"end":{"line":126,"column":59}},"19":{"start":{"line":127,"column":8},"end":{"line":127,"column":70}},"20":{"start":{"line":128,"column":8},"end":{"line":128,"column":4871}},"21":{"start":{"line":133,"column":8},"end":{"line":133,"column":59}},"22":{"start":{"line":134,"column":8},"end":{"line":134,"column":56}},"23":{"start":{"line":135,"column":8},"end":{"line":135,"column":44}},"24":{"start":{"li
[...]
olumn":8},"end":{"line":12,"column":70}},"2":{"start":{"line":13,"column":8},"end":{"line":13,"column":70}},"3":{"start":{"line":14,"column":8},"end":{"line":14,"column":70}},"4":{"start":{"line":15,"column":8},"end":{"line":15,"column":70}},"5":{"start":{"line":17,"column":8},"end":{"line":17,"column":73}},"6":{"start":{"line":21,"column":8},"end":{"line":21,"column":38}},"7":{"start":{"line":25,"column":8},"end":{"line":25,"column":37}},"8":{"start":{"line":29,"column":8},"end":{"line":29,"column":46}},"9":{"start":{"line":33,"column":8},"end":{"line":33,"column":47}},"10":{"start":{"line":37,"column":8},"end":{"line":37,"column":37}}},"branchMap":{}},"contracts/views/AaveView.sol":{"l":{"67":0,"69":0,"71":0,"73":0,"81":0,"89":0,"90":0,"98":0,"99":0,"101":0,"102":0,"107":0,"109":0,"111":0,"112":0,"113":0,"115":0,"124":0,"126":0,"127":0,"136":0,"137":0,"139":0,"141":0,"142":0,"143":0,"145":0,"155":0,"168":0,"170":0,"183":0,"185":0,"187":0,"210":0,"211":0,"213":0,"215":0,"216":0,"226":0,"227":0,"229":0,"231":0,"241":0,"242":0,"243":0,"245":0,"246":0,"248":0,"249":0,"251":0,"252":0,"253":0,"254":0,"255":0,"259":0,"260":0,"261":0,"262":0,"263":0,"267":0,"268":0,"269":0,"270":0,"271":0,"275":0,"277":0,"285":0,"287":0,"288":0},"path":"/Users/nenadpalinkasevic/Desktop/blockchain/defisaver-v3-contracts/contracts/views/AaveView.sol","s":{"1":0,"2":0,"3":0,"4":0,"5":0,"6":0,"7":0,"8":0,"9":0,"10":0,"11":0,"12":0,"13":0,"14":0,"15":0,"16":0,"17":0,"18":0,"19":0,"20":0,"21":0,"22":0,"23":0,"24":0,"25":0,"26":0,"27":0,"28":0,"29":0,"30":0,"31":0,"32":0,"33":0,"34":0,"35":0,"36":0,"37":0,"38":0,"39":0,"40":0,"41":0,"42":0,"43":0,"44":0,"45":0,"46":0,"47":0,"48":0,"49":0,"50":0,"51":0,"52":0,"53":0,"54":0,"55":0,"56":0,"57":0,"58":0,"59":0,"60":0,"61":0,"62":0,"63":0,"64":0,"65":0,"66":0,"67":0},"b":{"1":[0,0],"2":[0,0],"3":[0,0],"4":[0,0]},"f":{"1":0,"2":0,"3":0,"4":0,"5":0,"6":0,"7":0,"8":0,"9":0,"10":0,"11":0},"fnMap":{"1":{"name":"getSafetyRatio","line":66,"loc":{"start":{"line":66,"column":4},"end":{"line":74,"column":4}}},"2":{"name":"getRatio","line":79,"loc":{"start":{"line":79,"column":4},"end":{"line":82,"column":4}}},"3":{"name":"getPrices","line":88,"loc":{"start":{"line":88,"column":4},"end":{"line":91,"column":4}}},"4":{"name":"getCollFactors","line":97,"loc":{"start":{"line":97,"column":4},"end":{"line":104,"column":4}}},"5":{"name":"getTokenBalances","line":106,"loc":{"start":{"line":106,"column":4},"end":{"line":117,"column":4}}},"6":{"name":"getRatios","line":123,"loc":{"start":{"line":123,"column":4},"end":{"line":129,"column":4}}},"7":{"name":"getTokensInfo","line":135,"loc":{"start":{"line":135,"column":4},"end":{"line":152,"column":4}}},"8":{"name":"getTokenInfoFull","line":154,"loc":{"start":{"line":154,"column":4},"end":{"line":203,"column":4}}},"9":{"name":"getFullTokensInfo","line":209,"loc":{"start":{"line":209,"column":4},"end":{"line":218,"column":4}}},"10":{"name":"getLoanData","line":225,"loc":{"start":{"line":225,"column":4},"end":{"line":278,"column":4}}},"11":{"name":"getLoanDataArr","line":284,"loc":{"start":{"line":284,"column":4},"end":{"line":290,"column":4}}}},"statementMap":{"1":{"start":{"line":67,"column":8},"end":{"line":67,"column":110}},"2":{"start":{"line":69,"column":8},"end":{"line":69,"column":102}},"3":{"start":{"line":71,"column":8},"end":{"line":71,"column":48}},"4":{"start":{"line":71,"column":31},"end":{"line":71,"column":48}},"5":{"start":{"line":73,"column":8},"end":{"line":73,"column":73}},"6":{"start":{"line":81,"column":8},"end":{"line":81,"column":45}},"7":{"start":{"line":89,"column":8},"end":{"line":89,"column":94}},"8":{"start":{"line":90,"column":8},"end":{"line":90,"column":83}},"9":{"start":{"line":98,"column":8},"end":{"line":98,"column":75}},"10":{"start":{"line":99,"column":8},"end":{"line":99,"column":50}},"11":{"start":{"line":101,"column":8},"end":{"line":101,"column":3642}},"12":{"start":{"line":102,"column":12},"end":{"line":102,"column":91}},"13":{"start":{"line":107,"column":8},"end":{"line":107,"column":75}},"14":{"start":{"line":109,"column":8},"end":{"line":109,"column":51}},"15":{"start":{"line":111,"column":8},"end":{"line":111,"column":4083}},"16":{"start":{"line":112,"column":12},"end":{"line":112,"column":38}},"17":{"start":{"line":113,"column":12},"end":{"line":113,"column":38}},"18":{"start":{"line":115,"column":12},"end":{"line":115,"column":181}},"19":{"start":{"line":124,"column":8},"end":{"line":124,"column":44}},"20":{"start":{"line":126,"column":8},"end":{"line":126,"column":4815}},"21":{"start":{"line":127,"column":12},"end":{"line":127,"column":57}},"22":{"start":{"line":136,"column":8},"end":{"line":136,"column":75}},"23":{"start":{"line":137,"column":8},"end":{"line":137,"column":94}},"24":{"start":{"line":139,"column":8},"end":{"line":139,"column":55}},"25":{"start":{"line":141,"column":8},"end":{"line":141,"column":5542}},"26":{"start":{"line":142,"column":12},"end":{"line":142,"column":97}},"27":{"start":{"line":143,"column":12},"end":{"line":143,"column":91}},"28":{"start":{"line":145,"column":12},"end":{"line":145,"column":5807}},"29":{"start":{"line":155,"column":8},"end":{"line":155,"column":6332}},"30":{"start":{"line":168,"column":8},"end":{"line":168,"column":28}},"31":{"start":{"line":170,"column":8},"end":{"line":170,"column":6792}},"32":{"start":{"line":183,"column":8},"end":{"line":183,"column":76}},"33":{"start":{"line":185,"column":8},"end":{"line":185,"column":86}},"34":{"start":{"line":187,"column":8},"end":{"line":187,"column":7219}},"35":{"start":{"line":210,"column":8},"end":{"line":210,"column":75}},"36":{"start":{"line":211,"column":8},"end":{"line":211,"column":94}},"37":{"start":{"line":213,"column":8},"end":{"line":213,"column":59}},"38":{"start":{"line":215,"column":8},"end":{"line":215,"column":8562}},"39":{"start":{"line":216,"column":12},"end":{"line":216,"column":93}},"40":{"start":{"line":226,"column":8},"end":{"line":226,"column":75}},"41":{"start":{"line":227,"column":8},"end":{"line":227,"column":94}},"42":{"start":{"line":229,"column":8},"end":{"line":229,"column":101}},"43":{"start":{"line":231,"column":8},"end":{"line":231,"column":9376}},"44":{"start":{"line":241,"column":8},"end":{"line":241,"column":26}},"45":{"start":{"line":242,"column":8},"end":{"line":242,"column":34}},"46":{"start":{"line":243,"column":8},"end":{"line":243,"column":36}},"47":{"start":{"line":245,"column":8},"end":{"line":245,"column":9853}},"48":{"start":{"line":246,"column":12},"end":{"line":246,"column":54}},"49":{"start":{"line":248,"column":12},"end":{"line":248,"column":139}},"50":{"start":{"line":249,"column":12},"end":{"line":249,"column":93}},"51":{"start":{"line":251,"column":12},"end":{"line":251,"column":10210}},"52":{"start":{"line":252,"column":16},"end":{"line":252,"column":115}},"53":{"start":{"line":253,"column":16},"end":{"line":253,"column":47}},"54":{"start":{"line":254,"column":16},"end":{"line":254,"column":62}},"55":{"start":{"line":259,"column":12},"end":{"line":259,"column":10555}},"56":{"start":{"line":260,"column":16},"end":{"line":260,"column":116}},"57":{"start":{"line":261,"column":16},"end":{"line":261,"column":57}},"58":{"start":{"line":262,"column":16},"end":{"line":262,"column":79}},"59":{"start":{"line":267,"column":12},"end":{"line":267,"column":10936}},"60":{"start":{"line":268,"column":16},"end":{"line":268,"column":118}},"61":{"start":{"line":269,"column":16},"end":{"line":269,"column":59}},"62":{"start":{"line":270,"column":16},"end":{"line":270,"column":83}},"63":{"start":{"line":275,"column":8},"end":{"line":275,"column":59}},"64":{"start":{"line":277,"column":8},"end":{"line":277,"column":19}},"65":{"start":{"line":285,"column":8},"end":{"line":285,"column":44}},"66":{"start":{"line":287,"column":8},"end":{"line":287,"column":11823}},"67":{"start":{"line":288,"column":12},"end":{"line":288,"column":53}}},"branchMap":{"1":{"line":71,"type":"if","locations":[{"start":{"line":71,"column":8},"end":{"line":71,"column":8}},{"start":{"line":71,"column":8},"end":{"line":71,"column":8}}]},"2":{"line":251,"type":"if","locations":[{"start":{"line":251,"column":12},"end":{"line":251,"column":12}},{"start":{"line":251,"column":12},"end":{"line":251,"column":12}}]},"3":{"line":259,"type":"if","locations":[{"start":{"line":259,"column":12},"end":{"line":259,"column":12}},{"start":{"line":259,"column":12},"end":{"line":259,"column":12}}]},"4":{"line":267,"type":"if","locations":[{"start":{"line":267,"column":12},"end":{"line":267,"column":12}},{"start":{"line":267,"column":12},"end":{"line":267,"column":12}}]}}},"contracts/views/CompView.sol":{"l":{"52":0,"53":0,"56":0,"57":0,"59":0,"60":0,"62":0,"65":0,"67":0,"68":0,"72":0,"74":0,"76":0,"77":0,"79":0,"81":0,"85":0,"86":0,"90":0,"92":0,"93":0,"101":0,"108":0,"109":0,"111":0,"112":0,"120":0,"122":0,"123":0,"131":0,"132":0,"134":0,"143":0,"144":0,"146":0,"147":0,"149":0,"152":0,"154":0,"155":0,"159":0,"160":0,"161":0,"163":0,"164":0,"165":0,"169":0,"170":0,"171":0,"172":0,"176":0,"178":0,"182":0,"183":0,"185":0,"186":0,"188":0,"191":0,"192":0,"194":0,"203":0,"205":0,"206":0,"214":0,"216":0,"217":0,"225":0,"226":0,"228":0,"229":0,"231":0,"244":0,"245":0,"247":0,"248":0,"249":0,"251":0,"269":0,"270":0,"272":0},"path":"/Users/nenadpalinkasevic/Desktop/blockchain/defisaver-v3-contracts/contracts/views/CompView.sol","s":{"1":0,"2":0,"3":0,"4":0,"5":0,"6":0,"7":0,"8":0,"9":0,"10":0,"11":0,"12":0,"13":0,"14":0,"15":0,"16":0,"17":0,"18":0,"19":0,"20":0,"21":0,"22":0,"23":0,"24":0,"25":0,"26":0,"27":0,"28":0,"29":0,"30":0,"31":0,"32":0,"33":0,"34":0,"35":0,"36":0,"37":0,"38":0,"39":0,"40":0,"41":0,"42":0,"43":0,"44":0,"45":0,"46":0,"47":0,"48":0,"49":0,"50":0,"51":0,"52":0,"53":0,"54":0,"55":0,"56":0,"57":0,"58":0,"59":0,"60":0,"61":0,"62":0,"63":0,"64":0,"65":0,"66":0,"67":0,"68":0,"69":0,"70":0,"71":0,"72":0,"73":0,"74":0,"75":0,"76":0,"77":0,"78":0,"79":0},"b":{"1":[0,0],"2":[0,0],"3":[0,0],"4":[0,0],"5":[0,0],"6":[0,0],"7":[0,0],"8":[0,0]},"f":{"1":0,"2":0,"3":0,"4":0,"5":0,"6":0,"7":0,"8":0,"9":0,"10":0,"11":0},"fnMap":{"1":{"name":"getSafetyRatio","line":50,"loc":{"start":{"line":50,"column":4},"end":{"line":94,"column":4}}},"2":{"name":"getRatio","line":99,"loc":{"start":{"line":99,"column":4},"end":{"line":102,"column":4}}},"3":{"name":"getPrices","line":107,"loc":{"start":{"line":107,"column":4},"end":{"line":114,"column":4}}},"4":{"name":"getCollFactors","line":119,"loc":{"start":{"line":119,"column":4},"end":{"line":125,"column":4}}},"5":{"name":"getLoanData","line":130,"loc":{"start":{"line":130,"column":4},"end":{"line":179,"column":4}}},"6":{"name":"getTokenBalances","line":181,"loc":{"start":{"line":181,"column":4},"end":{"line":197,"column":4}}},"7":{"name":"getLoanDataArr","line":202,"loc":{"start":{"line":202,"column":4},"end":{"line":208,"column":4}}},"8":{"name":"getRatios","line":213,"loc":{"start":{"line":213,"column":4},"end":{"line":219,"column":4}}},"9":{"name":"getTokensInfo","line":224,"loc":{"start":{"line":224,"column":4},"end":{"line":238,"column":4}}},"10":{"name":"getFullTokensInfo","line":243,"loc":{"start":{"line":243,"column":4},"end":{"line":263,"column":4}}},"11":{"name":"getUnderlyingAddr","line":268,"loc":{"start":{"line":268,"column":4},"end":{"line":274,"column":4}}}},"statementMap":{"1":{"start":{"line":52,"column":8},"end":{"line":52,"column":57}},"2":{"start":{"line":53,"column":8},"end":{"line":53,"column":42}},"3":{"start":{"line":56,"column":8},"end":{"line":56,"column":30}},"4":{"start":{"line":57,"column":8},"end":{"line":57,"column":26}},"5":{"start":{"line":59,"column":8},"end":{"line":59,"column":1708}},"6":{"start":{"line":60,"column":12},"end":{"line":60,"column":37}},"7":{"start":{"line":62,"column":12},"end":{"line":62,"column":1877}},"8":{"start":{"line":65,"column":12},"end":{"line":65,"column":34}},"9":{"start":{"line":67,"column":12},"end":{"line":67,"column":2011}},"10":{"start":{"line":68,"column":16},"end":{"line":68,"column":99}},"11":{"start":{"line":72,"column":12},"end":{"line":72,"column":2228}},"12":{"start":{"line":74,"column":16},"end":{"line":74,"column":74}},"13":{"start":{"line":76,"column":16},"end":{"line":76,"column":81}},"14":{"start":{"line":77,"column":16},"end":{"line":77,"column":79}},"15":{"start":{"line":79,"column":16},"end":{"line":79,"column":97}},"16":{"start":{"line":81,"column":16},"end":{"line":81,"column":102}},"17":{"start":{"line":85,"column":12},"end":{"line":85,"column":2763}},"18":{"start":{"line":86,"column":16},"end":{"line":86,"column":94}},"19":{"start":{"line":90,"column":8},"end":{"line":90,"column":43}},"20":{"start":{"line":90,"column":28},"end":{"line":90,"column":43}},"21":{"start":{"line":92,"column":8},"end":{"line":92,"column":67}},"22":{"start":{"line":93,"column":8},"end":{"line":93,"column":42}},"23":{"start":{"line":101,"column":8},"end":{"line":101,"column":36}},"24":{"start":{"line":108,"column":8},"end":{"line":108,"column":43}},"25":{"start":{"line":109,"column":8},"end":{"line":109,"column":42}},"26":{"start":{"line":111,"column":8},"end":{"line":111,"column":3692}},"27":{"start":{"line":112,"column":12},"end":{"line":112,"column":82}},"28":{"start":{"line":120,"column":8},"end":{"line":120,"column":48}},"29":{"start":{"line":122,"column":8},"end":{"line":122,"column":4193}},"30":{"start":{"line":123,"column":12},"end":{"line":123,"column":57}},"31":{"start":{"line":131,"column":8},"end":{"line":131,"column":57}},"32":{"start":{"line":132,"column":8},"end":{"line":132,"column":42}},"33":{"start":{"line":134,"column":8},"end":{"line":134,"column":4684}},"34":{"start":{"line":143,"column":8},"end":{"line":143,"column":24}},"35":{"start":{"line":144,"column":8},"end":{"line":144,"column":26}},"36":{"start":{"line":146,"column":8},"end":{"line":146,"column":5035}},"37":{"start":{"line":147,"column":12},"end":{"line":147,"column":37}},"38":{"start":{"line":149,"column":12},"end":{"line":149,"column":5204}},"39":{"start":{"line":152,"column":12},"end":{"line":152,"column":34}},"40":{"start":{"line":154,"column":12},"end":{"line":154,"column":5338}},"41":{"start":{"line":155,"column":16},"end":{"line":155,"column":99}},"42":{"start":{"line":159,"column":12},"end":{"line":159,"column":5555}},"43":{"start":{"line":160,"column":16},"end":{"line":160,"column":79}},"44":{"start":{"line":161,"column":16},"end":{"line":161,"column":78}},"45":{"start":{"line":163,"column":16},"end":{"line":163,"column":45}},"46":{"start":{"line":164,"column":16},"end":{"line":164,"column":92}},"47":{"start":{"line":169,"column":12},"end":{"line":169,"column":5974}},"48":{"start":{"line":170,"column":16},"end":{"line":170,"column":49}},"49":{"start":{"line":171,"column":16},"end":{"line":171,"column":96}},"50":{"start":{"line":176,"column":8},"end":{"line":176,"column":50}},"51":{"start":{"line":178,"column":8},"end":{"line":178,"column":19}},"52":{"start":{"line":182,"column":8},"end":{"line":182,"column":45}},"53":{"start":{"line":183,"column":8},"end":{"line":183,"column":44}},"54":{"start":{"line":185,"column":8},"end":{"line":185,"column":6529}},"55":{"start":{"line":186,"column":12},"end":{"line":186,"column":39}},"56":{"start":{"line":188,"column":12},"end":{"line":188,"column":6702}},"57":{"start":{"line":191,"column":12},"end":{"line":191,"column":75}},"58":{"start":{"line":192,"column":12},"end":{"line":192,"column":75}},"59":{"start":{"line":194,"column":12},"end":{"line":194,"column":37}},"60":{"start":{"line":203,"column":8},"end":{"line":203,"column":44}},"61":{"start":{"line":205,"column":8},"end":{"line":205,"column":7338}},"62":{"start":{"line":206,"column":12},"end":{"line":206,"column":44}},"63":{"start":{"line":214,"column":8},"end":{"line":214,"column":41}},"64":{"start":{"line":216,"column":8},"end":{"line":216,"column":7744}},"65":{"start":{"line":217,"column":12},"end":{"line":217,"column":48}},"66":{"start":{"line":225,"column":8},"end":{"line":225,"column":56}},"67":{"start":{"line":226,"column":8},"end":{"line":226,"column":42}},"68":{"start":{"line":228,"column":8},"end":{"line":228,"column":8226}},"69":{"start":{"line":229,"column":12},"end":{"line":229,"column":67}},"70":{"start":{"line":231,"column":12},"end":{"line":231,"column":8366}},"71":{"start":{"line":244,"column":8},"end":{"line":244,"column":60}},"72":{"start":{"line":245,"column":8},"end":{"line":245,"column":42}},"73":{"start":{"line":247,"column":8},"end":{"line":247,"column":9070}},"74":{"start":{"line":248,"column":12},"end":{"line":248,"column":67}},"75":{"start":{"line":249,"column":12},"end":{"line":249,"column":57}},"76":{"start":{"line":251,"column":12},"end":{"line":251,"column":9269}},"77":{"start":{"line":269,"column":8},"end":{"line":269,"column":10135}},"78":{"start":{"line":270,"column":12},"end":{"line":270,"column":30}},"79":{"start":{"line":272,"column":12},"end":{"line":272,"column":55}}},"branchMap":{"1":{"line":67,"type":"if","locations":[{"start":{"line":67,"column":12},"end":{"line":67,"column":12}},{"start":{"line":67,"column":12},"end":{"line":67,"column":12}}]},"2":{"line":72,"type":"if","locations":[{"start":{"line":72,"column":12},"end":{"line":72,"column":12}},{"start":{"line":72,"column":12},"end":{"line":72,"column":12}}]},"3":{"line":85,"type":"if","locations":[{"start":{"line":85,"column":12},"end":{"line":85,"column":12}},{"start":{"line":85,"column":12},"end":{"line":85,"column":12}}]},"4":{"line":90,"type":"if","locations":[{"start":{"line":90,"column":8},"end":{"line":90,"column":8}},{"start":{"line":90,"column":8},"end":{"line":90,"column":8}}]},"5":{"line":154,"type":"if","locations":[{"start":{"line":154,"column":12},"end":{"line":154,"column":12}},{"start":{"line":154,"column":12},"end":{"line":154,"column":12}}]},"6":{"line":159,"type":"if","locations":[{"start":{"line":159,"column":12},"end":{"line":159,"column":12}},{"start":{"line":159,"column":12},"end":{"line":159,"column":12}}]},"7":{"line":169,"type":"if","locations":[{"start":{"line":169,"column":12},"end":{"line":169,"column":12}},{"start":{"line":169,"column":12},"end":{"line":169,"column":12}}]},"8":{"line":269,"type":"if","locations":[{"start":{"line":269,"column":8},"end":{"line":269,"column":8}},{"start":{"line":269,"column":8},"end":{"line":269,"column":8}}]}}},"contracts/views/McdView.sol":{"l":{"25":0,"27":0,"28":0,"30":0,"36":0,"37":0,"39":0,"45":0,"46":0,"48":0,"50":0,"52":0},"path":"/Users/nenadpalinkasevic/Desktop/blockchain/defisaver-v3-contracts/contracts/views/McdView.sol","s":{"1":0,"2":0,"3":0,"4":0,"5":0,"6":0,"7":0,"8":0,"9":0,"10":0,"11":0,"12":0,"13":0},"b":{"1":[0,0]},"f":{"1":0,"2":0,"3":0},"fnMap":{"1":{"name":"getVaultInfo","line":24,"loc":{"start":{"line":24,"column":4},"end":{"line":31,"column":4}}},"2":{"name":"getPrice","line":35,"loc":{"start":{"line":35,"column":4},"end":{"line":40,"column":4}}},"3":{"name":"getRatio","line":44,"loc":{"start":{"line":44,"column":4},"end":{"line":53,"column":4}}}},"statementMap":{"1":{"start":{"line":25,"column":8},"end":{"line":25,"column":44}},"2":{"start":{"line":27,"column":8},"end":{"line":27,"column":58}},"3":{"start":{"line":28,"column":8},"end":{"line":28,"column":40}},"4":{"start":{"line":30,"column":8},"end":{"line":30,"column":45}},"5":{"start":{"line":36,"column":8},"end":{"line":36,"column":41}},"6":{"start":{"line":37,"column":8},"end":{"line":37,"column":40}},"7":{"start":{"line":39,"column":8},"end":{"line":39,"column":51}},"8":{"start":{"line":45,"column":8},"end":{"line":45,"column":44}},"9":{"start":{"line":46,"column":8},"end":{"line":46,"column":34}},"10":{"start":{"line":48,"column":8},"end":{"line":48,"column":66}},"11":{"start":{"line":50,"column":8},"end":{"line":50,"column":31}},"12":{"start":{"line":50,"column":23},"end":{"line":50,"column":31}},"13":{"start":{"line":52,"column":8},"end":{"line":52,"column":63}}},"branchMap":{"1":{"line":50,"type":"if","locations":[{"start":{"line":50,"column":8},"end":{"line":50,"column":8}},{"start":{"line":50,"column":8},"end":{"line":50,"column":8}}]}}}}